Using pre-set license
Built from 'master' branch; Version is '2020.3.36f1 (71f96b79b9f0) revision 7469419'; Using compiler version '192528614'; Build Type 'Release'
OS: 'Windows 11  (10.0.22000) 64bit Core' Language: 'vi' Physical Memory: 7971 MB
BatchMode: 1, IsHumanControllingUs: 0, StartBugReporterOnCrash: 0, Is64bit: 1, IsPro: 0

COMMAND LINE ARGUMENTS:
D:\Unity\2020.3.36f1\Editor\Unity.exe
-adb2
-batchMode
-noUpm
-name
AssetImportWorker0
-projectPath
E:/MergeToyFix
-logFile
Logs/AssetImportWorker0.log
-srvPort
59655
Successfully changed project path to: E:/MergeToyFix
E:/MergeToyFix
Using Asset Import Pipeline V2.
Refreshing native plugins compatible for Editor in 86.51 ms, found 2 plugins.
Preloading 0 native plugins for Editor in 0.00 ms.
Initialize engine version: 2020.3.36f1 (71f96b79b9f0)
[Subsystems] Discovering subsystems at path D:/Unity/2020.3.36f1/Editor/Data/Resources/UnitySubsystems
[Subsystems] Discovering subsystems at path E:/MergeToyFix/Assets
GfxDevice: creating device client; threaded=0
Direct3D:
    Version:  Direct3D 11.0 [level 11.1]
    Renderer: NVIDIA GeForce GTX 1650 (ID=0x1f9d)
    Vendor:   
    VRAM:     3962 MB
    Driver:   30.0.15.1295
Initialize mono
Mono path[0] = 'D:/Unity/2020.3.36f1/Editor/Data/Managed'
Mono path[1] = 'D:/Unity/2020.3.36f1/Editor/Data/MonoBleedingEdge/lib/mono/unityjit'
Mono config path = 'D:/Unity/2020.3.36f1/Editor/Data/MonoBleedingEdge/etc'
Using monoOptions --debugger-agent=transport=dt_socket,embedding=1,server=y,suspend=n,address=127.0.0.1:56088
Begin MonoManager ReloadAssembly
Registering precompiled unity dll's ...
Register platform support module: D:/Unity/2020.3.36f1/Editor/Data/PlaybackEngines/WindowsStandaloneSupport/UnityEditor.WindowsStandalone.Extensions.dll
Registered in 0.003165 seconds.
Native extension for WindowsStandalone target not found
Refreshing native plugins compatible for Editor in 70.19 ms, found 2 plugins.
Preloading 0 native plugins for Editor in 0.00 ms.
Mono: successfully reloaded assembly
- Completed reload, in  0.526 seconds
Domain Reload Profiling:
	ReloadAssembly (527ms)
		BeginReloadAssembly (106ms)
			ExecutionOrderSort (0ms)
			DisableScriptedObjects (0ms)
			BackupInstance (0ms)
			ReleaseScriptingObjects (0ms)
			CreateAndSetChildDomain (1ms)
		EndReloadAssembly (369ms)
			LoadAssemblies (105ms)
			RebuildTransferFunctionScriptingTraits (0ms)
			SetupTypeCache (107ms)
			ReleaseScriptCaches (0ms)
			RebuildScriptCaches (20ms)
			SetupLoadedEditorAssemblies (165ms)
				LogAssemblyErrors (0ms)
				InitializePlatformSupportModulesInManaged (4ms)
				SetLoadedEditorAssemblies (0ms)
				RefreshPlugins (70ms)
				BeforeProcessingInitializeOnLoad (12ms)
				ProcessInitializeOnLoadAttributes (60ms)
				ProcessInitializeOnLoadMethodAttributes (19ms)
				AfterProcessingInitializeOnLoad (0ms)
				EditorAssembliesLoaded (0ms)
			ExecutionOrderSort2 (0ms)
			AwakeInstancesAfterBackupRestoration (0ms)
Platform modules already initialized, skipping
Registering precompiled user dll's ...
Registered in 0.015639 seconds.
Begin MonoManager ReloadAssembly
Native extension for WindowsStandalone target not found
Refreshing native plugins compatible for Editor in 0.98 ms, found 2 plugins.
Preloading 0 native plugins for Editor in 0.00 ms.
Failed to sync packages list
UnityEngine.StackTraceUtility:ExtractStackTrace ()
UnityEngine.DebugLogHandler:LogFormat (UnityEngine.LogType,UnityEngine.Object,string,object[])
UnityEngine.Logger:Log (UnityEngine.LogType,object)
UnityEngine.Debug:LogWarning (object)
 . ⁇/ :MoveNext ()
System.Runtime.CompilerServices.AsyncTaskMethodBuilder:Start< . ⁇/ > ( . ⁇/ &)
 . ⁇:  ()
 . 　/ :MoveNext ()
System.Runtime.CompilerServices.AsyncTaskMethodBuilder:Start< . 　/ > ( . 　/ &)
 . 　:  ()
System.Reflection.MonoMethod:Invoke (object,System.Reflection.BindingFlags,System.Reflection.Binder,object[],System.Globalization.CultureInfo)
System.Reflection.MethodBase:Invoke (object,object[])
UnityEditor.EditorAssemblies:ProcessInitializeOnLoadMethodAttributes ()

Mono: successfully reloaded assembly
- Completed reload, in  0.927 seconds
Domain Reload Profiling:
	ReloadAssembly (927ms)
		BeginReloadAssembly (100ms)
			ExecutionOrderSort (0ms)
			DisableScriptedObjects (4ms)
			BackupInstance (0ms)
			ReleaseScriptingObjects (0ms)
			CreateAndSetChildDomain (15ms)
		EndReloadAssembly (789ms)
			LoadAssemblies (96ms)
			RebuildTransferFunctionScriptingTraits (0ms)
			SetupTypeCache (201ms)
			ReleaseScriptCaches (0ms)
			RebuildScriptCaches (32ms)
			SetupLoadedEditorAssemblies (407ms)
				LogAssemblyErrors (0ms)
				InitializePlatformSupportModulesInManaged (3ms)
				SetLoadedEditorAssemblies (0ms)
				RefreshPlugins (1ms)
				BeforeProcessingInitializeOnLoad (56ms)
				ProcessInitializeOnLoadAttributes (263ms)
				ProcessInitializeOnLoadMethodAttributes (81ms)
				AfterProcessingInitializeOnLoad (1ms)
				EditorAssembliesLoaded (0ms)
			ExecutionOrderSort2 (0ms)
			AwakeInstancesAfterBackupRestoration (0ms)
Platform modules already initialized, skipping
========================================================================
Worker process is ready to serve import requests
Launched and connected shader compiler UnityShaderCompiler.exe after 0.04 seconds
Refreshing native plugins compatible for Editor in 1.33 ms, found 2 plugins.
Preloading 0 native plugins for Editor in 0.00 ms.
Unloading 2112 Unused Serialized files (Serialized files now loaded: 0)
System memory in use before: 100.4 MB.
System memory in use after: 100.2 MB.

Unloading 64 unused Assets to reduce memory usage. Loaded Objects now: 2566.
Total: 9.433100 ms (FindLiveObjects: 0.136200 ms CreateObjectMapping: 0.038000 ms MarkObjects: 8.783500 ms  DeleteObjects: 0.473400 ms)

AssetImportParameters requested are different than current active one (requested -> active):
  custom:framework-win-MediaFoundation: 216162199b28c13a410421893ffa2e32 -> 
  custom:video-decoder-ogg-theora: a1e56fd34408186e4bbccfd4996cb3dc -> 
  custom:container-muxer-webm: aa71ff27fc2769a1b78a27578f13a17b -> 
  custom:container-demuxer-webm: 4f35f7cbe854078d1ac9338744f61a02 -> 
  custom:container-demuxer-ogg: 62fdf1f143b41e24485cea50d1cbac27 -> 
  custom:video-encoder-webm-vp8: eb34c28f22e8b96e1ab97ce403110664 -> 
  custom:video-decoder-webm-vp8: 9c59270c3fd7afecdb556c50c9e8de78 -> 
  custom:audio-decoder-ogg-vorbis: bf7c407c2cedff20999df2af8eb42d56 -> 
  custom:audio-encoder-webm-vorbis: bf7c407c2cedff20999df2af8eb42d56 -> 
========================================================================
Received Prepare
Registering precompiled user dll's ...
Registered in 0.003343 seconds.
Begin MonoManager ReloadAssembly
Native extension for WindowsStandalone target not found
Refreshing native plugins compatible for Editor in 1.07 ms, found 2 plugins.
Preloading 0 native plugins for Editor in 0.00 ms.
Failed to sync packages list
UnityEngine.StackTraceUtility:ExtractStackTrace ()
UnityEngine.DebugLogHandler:LogFormat (UnityEngine.LogType,UnityEngine.Object,string,object[])
UnityEngine.Logger:Log (UnityEngine.LogType,object)
UnityEngine.Debug:LogWarning (object)
 . ⁇/ :MoveNext ()
System.Runtime.CompilerServices.AsyncTaskMethodBuilder:Start< . ⁇/ > ( . ⁇/ &)
 . ⁇:  ()
 . 　/ :MoveNext ()
System.Runtime.CompilerServices.AsyncTaskMethodBuilder:Start< . 　/ > ( . 　/ &)
 . 　:  ()
System.Reflection.MonoMethod:Invoke (object,System.Reflection.BindingFlags,System.Reflection.Binder,object[],System.Globalization.CultureInfo)
System.Reflection.MethodBase:Invoke (object,object[])
UnityEditor.EditorAssemblies:ProcessInitializeOnLoadMethodAttributes ()

Mono: successfully reloaded assembly
- Completed reload, in  0.907 seconds
Domain Reload Profiling:
	ReloadAssembly (907ms)
		BeginReloadAssembly (92ms)
			ExecutionOrderSort (0ms)
			DisableScriptedObjects (4ms)
			BackupInstance (0ms)
			ReleaseScriptingObjects (0ms)
			CreateAndSetChildDomain (33ms)
		EndReloadAssembly (773ms)
			LoadAssemblies (69ms)
			RebuildTransferFunctionScriptingTraits (0ms)
			SetupTypeCache (223ms)
			ReleaseScriptCaches (1ms)
			RebuildScriptCaches (30ms)
			SetupLoadedEditorAssemblies (386ms)
				LogAssemblyErrors (0ms)
				InitializePlatformSupportModulesInManaged (3ms)
				SetLoadedEditorAssemblies (0ms)
				RefreshPlugins (1ms)
				BeforeProcessingInitializeOnLoad (54ms)
				ProcessInitializeOnLoadAttributes (258ms)
				ProcessInitializeOnLoadMethodAttributes (67ms)
				AfterProcessingInitializeOnLoad (2ms)
				EditorAssembliesLoaded (0ms)
			ExecutionOrderSort2 (0ms)
			AwakeInstancesAfterBackupRestoration (1ms)
Platform modules already initialized, skipping
Refreshing native plugins compatible for Editor in 1.03 ms, found 2 plugins.
Preloading 0 native plugins for Editor in 0.00 ms.
Unloading 2073 Unused Serialized files (Serialized files now loaded: 0)
System memory in use before: 97.1 MB.
System memory in use after: 97.1 MB.

Unloading 51 unused Assets to reduce memory usage. Loaded Objects now: 2571.
Total: 5.139400 ms (FindLiveObjects: 0.144800 ms CreateObjectMapping: 0.041400 ms MarkObjects: 4.830100 ms  DeleteObjects: 0.122100 ms)

AssetImportParameters requested are different than current active one (requested -> active):
  custom:framework-win-MediaFoundation: 216162199b28c13a410421893ffa2e32 -> 
  custom:video-decoder-ogg-theora: a1e56fd34408186e4bbccfd4996cb3dc -> 
  custom:container-muxer-webm: aa71ff27fc2769a1b78a27578f13a17b -> 
  custom:container-demuxer-webm: 4f35f7cbe854078d1ac9338744f61a02 -> 
  custom:container-demuxer-ogg: 62fdf1f143b41e24485cea50d1cbac27 -> 
  custom:video-encoder-webm-vp8: eb34c28f22e8b96e1ab97ce403110664 -> 
  custom:video-decoder-webm-vp8: 9c59270c3fd7afecdb556c50c9e8de78 -> 
  custom:audio-decoder-ogg-vorbis: bf7c407c2cedff20999df2af8eb42d56 -> 
  custom:audio-encoder-webm-vorbis: bf7c407c2cedff20999df2af8eb42d56 -> 
========================================================================
Received Prepare
Registering precompiled user dll's ...
Registered in 0.003543 seconds.
Begin MonoManager ReloadAssembly
Native extension for WindowsStandalone target not found
Refreshing native plugins compatible for Editor in 0.99 ms, found 2 plugins.
Preloading 0 native plugins for Editor in 0.00 ms.
Failed to sync packages list
UnityEngine.StackTraceUtility:ExtractStackTrace ()
UnityEngine.DebugLogHandler:LogFormat (UnityEngine.LogType,UnityEngine.Object,string,object[])
UnityEngine.Logger:Log (UnityEngine.LogType,object)
UnityEngine.Debug:LogWarning (object)
 . ⁇/ :MoveNext ()
System.Runtime.CompilerServices.AsyncTaskMethodBuilder:Start< . ⁇/ > ( . ⁇/ &)
 . ⁇:  ()
 . 　/ :MoveNext ()
System.Runtime.CompilerServices.AsyncTaskMethodBuilder:Start< . 　/ > ( . 　/ &)
 . 　:  ()
System.Reflection.MonoMethod:Invoke (object,System.Reflection.BindingFlags,System.Reflection.Binder,object[],System.Globalization.CultureInfo)
System.Reflection.MethodBase:Invoke (object,object[])
UnityEditor.EditorAssemblies:ProcessInitializeOnLoadMethodAttributes ()

Mono: successfully reloaded assembly
- Completed reload, in  1.150 seconds
Domain Reload Profiling:
	ReloadAssembly (1150ms)
		BeginReloadAssembly (122ms)
			ExecutionOrderSort (0ms)
			DisableScriptedObjects (5ms)
			BackupInstance (0ms)
			ReleaseScriptingObjects (0ms)
			CreateAndSetChildDomain (37ms)
		EndReloadAssembly (972ms)
			LoadAssemblies (109ms)
			RebuildTransferFunctionScriptingTraits (0ms)
			SetupTypeCache (291ms)
			ReleaseScriptCaches (1ms)
			RebuildScriptCaches (41ms)
			SetupLoadedEditorAssemblies (473ms)
				LogAssemblyErrors (0ms)
				InitializePlatformSupportModulesInManaged (3ms)
				SetLoadedEditorAssemblies (0ms)
				RefreshPlugins (1ms)
				BeforeProcessingInitializeOnLoad (94ms)
				ProcessInitializeOnLoadAttributes (308ms)
				ProcessInitializeOnLoadMethodAttributes (66ms)
				AfterProcessingInitializeOnLoad (1ms)
				EditorAssembliesLoaded (0ms)
			ExecutionOrderSort2 (0ms)
			AwakeInstancesAfterBackupRestoration (1ms)
Platform modules already initialized, skipping
Refreshing native plugins compatible for Editor in 1.06 ms, found 2 plugins.
Preloading 0 native plugins for Editor in 0.00 ms.
Unloading 2073 Unused Serialized files (Serialized files now loaded: 0)
System memory in use before: 97.3 MB.
System memory in use after: 97.3 MB.

Unloading 51 unused Assets to reduce memory usage. Loaded Objects now: 2576.
Total: 7.276700 ms (FindLiveObjects: 0.183400 ms CreateObjectMapping: 0.071900 ms MarkObjects: 6.898700 ms  DeleteObjects: 0.121000 ms)

AssetImportParameters requested are different than current active one (requested -> active):
  custom:framework-win-MediaFoundation: 216162199b28c13a410421893ffa2e32 -> 
  custom:video-decoder-ogg-theora: a1e56fd34408186e4bbccfd4996cb3dc -> 
  custom:container-muxer-webm: aa71ff27fc2769a1b78a27578f13a17b -> 
  custom:container-demuxer-webm: 4f35f7cbe854078d1ac9338744f61a02 -> 
  custom:container-demuxer-ogg: 62fdf1f143b41e24485cea50d1cbac27 -> 
  custom:video-encoder-webm-vp8: eb34c28f22e8b96e1ab97ce403110664 -> 
  custom:video-decoder-webm-vp8: 9c59270c3fd7afecdb556c50c9e8de78 -> 
  custom:audio-decoder-ogg-vorbis: bf7c407c2cedff20999df2af8eb42d56 -> 
  custom:audio-encoder-webm-vorbis: bf7c407c2cedff20999df2af8eb42d56 -> 
========================================================================
Received Import Request.
  path: Assets/Prefabs/_ItemGridGround 1.prefab
  artifactKey: Guid(e7530117bf3290e4d91ad33f5cc74f8d) Importer(815301076,1909f56bfc062723c751e8b465ee728b)
Start importing Assets/Prefabs/_ItemGridGround 1.prefab using Guid(e7530117bf3290e4d91ad33f5cc74f8d) Importer(815301076,1909f56bfc062723c751e8b465ee728b)  -> (artifact id: '18fd78e62b5f60cc4e880d7218cbf446') in 0.179755 seconds 
========================================================================
Received Import Request.
  Time since last request: 0.183297 seconds.
  path: Assets/Prefabs/BoxCoin_Farm.prefab
  artifactKey: Guid(2067cb276b4511943919972684c55725) Importer(815301076,1909f56bfc062723c751e8b465ee728b)
Start importing Assets/Prefabs/BoxCoin_Farm.prefab using Guid(2067cb276b4511943919972684c55725) Importer(815301076,1909f56bfc062723c751e8b465ee728b)  -> (artifact id: 'a7f3ca8489446423b95dc064e4b83c83') in 0.146690 seconds 
========================================================================
Received Import Request.
  Time since last request: 1.238519 seconds.
  path: Assets/Prefabs/BulletPhep.prefab
  artifactKey: Guid(26e2e109f4a1cf643b8cc9abd98f258b) Importer(815301076,1909f56bfc062723c751e8b465ee728b)
Start importing Assets/Prefabs/BulletPhep.prefab using Guid(26e2e109f4a1cf643b8cc9abd98f258b) Importer(815301076,1909f56bfc062723c751e8b465ee728b)  -> (artifact id: '5304c04fc234d45f732ec6b605443089') in 0.027105 seconds 
========================================================================
Received Import Request.
  Time since last request: 6.202213 seconds.
  path: Assets/Prefabs/DailyPanel.prefab
  artifactKey: Guid(5e3d0ffe49dbc9a4db8f84fa4b048bcb) Importer(815301076,1909f56bfc062723c751e8b465ee728b)
Start importing Assets/Prefabs/DailyPanel.prefab using Guid(5e3d0ffe49dbc9a4db8f84fa4b048bcb) Importer(815301076,1909f56bfc062723c751e8b465ee728b)  -> (artifact id: 'e9e5393161a3708f67ae8cb0ce4ee18a') in 0.017049 seconds 
========================================================================
Received Import Request.
  Time since last request: 4.807315 seconds.
  path: Assets/Prefabs/ItemGridGround.prefab
  artifactKey: Guid(13b43eb98ba4e954eb7234bd00d5d1b8) Importer(815301076,1909f56bfc062723c751e8b465ee728b)
Start importing Assets/Prefabs/ItemGridGround.prefab using Guid(13b43eb98ba4e954eb7234bd00d5d1b8) Importer(815301076,1909f56bfc062723c751e8b465ee728b)  -> (artifact id: 'ec18551c0ecf72da0b4fd1d1a382020e') in 0.013404 seconds 
========================================================================
Received Import Request.
  Time since last request: 0.579966 seconds.
  path: Assets/Prefabs/ItemUnlockPlayer.prefab
  artifactKey: Guid(edbcd3734e74de34c92355e9ab999471) Importer(815301076,1909f56bfc062723c751e8b465ee728b)
Start importing Assets/Prefabs/ItemUnlockPlayer.prefab using Guid(edbcd3734e74de34c92355e9ab999471) Importer(815301076,1909f56bfc062723c751e8b465ee728b)  -> (artifact id: '07ceb364aeeb62831ea50bac65a28e86') in 0.014318 seconds 
========================================================================
Received Import Request.
  Time since last request: 0.774034 seconds.
  path: Assets/Prefabs/LV1.prefab
  artifactKey: Guid(aa1003d63042b2f449082ea7d2040105) Importer(815301076,1909f56bfc062723c751e8b465ee728b)
Start importing Assets/Prefabs/LV1.prefab using Guid(aa1003d63042b2f449082ea7d2040105) Importer(815301076,1909f56bfc062723c751e8b465ee728b)  -> (artifact id: '2b68f221986e2be24ffa803a01edba0a') in 0.278461 seconds 
========================================================================
Received Import Request.
  Time since last request: 0.317253 seconds.
  path: Assets/Prefabs/MuiTen.prefab
  artifactKey: Guid(ecc163c28c55e514b83e171aaccd05c6) Importer(815301076,1909f56bfc062723c751e8b465ee728b)
Start importing Assets/Prefabs/MuiTen.prefab using Guid(ecc163c28c55e514b83e171aaccd05c6) Importer(815301076,1909f56bfc062723c751e8b465ee728b)  -> (artifact id: 'ed8033701d3e9c58f84586dbc2a4e4b9') in 0.065534 seconds 
========================================================================
Received Import Request.
  Time since last request: 1.508716 seconds.
  path: Assets/Prefabs/ListPlayerFar
  artifactKey: Guid(3c5094cc6dae8e14680f5ab5816d0a40) Importer(815301076,1909f56bfc062723c751e8b465ee728b)
Start importing Assets/Prefabs/ListPlayerFar using Guid(3c5094cc6dae8e14680f5ab5816d0a40) Importer(815301076,1909f56bfc062723c751e8b465ee728b)  -> (artifact id: '45260f4cd3d8a9daa0f50e419fc8e3ce') in 0.007646 seconds 
========================================================================
Received Import Request.
  Time since last request: 3.198325 seconds.
  path: Assets/Prefabs/BossNew
  artifactKey: Guid(72e66f73479b86c419826769a5c9cb7f) Importer(815301076,1909f56bfc062723c751e8b465ee728b)
Start importing Assets/Prefabs/BossNew using Guid(72e66f73479b86c419826769a5c9cb7f) Importer(815301076,1909f56bfc062723c751e8b465ee728b)  -> (artifact id: 'ea584bc3c6d2b3c3b231b8a94ed7683c') in 0.004901 seconds 
========================================================================
Received Import Request.
  Time since last request: 0.390789 seconds.
  path: Assets/Prefabs/Effects
  artifactKey: Guid(15f3306796f436646adecdffdcbf1ff1) Importer(815301076,1909f56bfc062723c751e8b465ee728b)
Start importing Assets/Prefabs/Effects using Guid(15f3306796f436646adecdffdcbf1ff1) Importer(815301076,1909f56bfc062723c751e8b465ee728b)  -> (artifact id: '5acad876f82e9429e1cde0423319a7b6') in 0.005053 seconds 
========================================================================
Received Import Request.
  Time since last request: 2.495745 seconds.
  path: Assets/Prefabs/BossNew/BossNew0_Dark Treant-Blue.prefab
  artifactKey: Guid(25c04a942f7ba1d468bedbd6aac1ff28) Importer(815301076,1909f56bfc062723c751e8b465ee728b)
Start importing Assets/Prefabs/BossNew/BossNew0_Dark Treant-Blue.prefab using Guid(25c04a942f7ba1d468bedbd6aac1ff28) Importer(815301076,1909f56bfc062723c751e8b465ee728b)  -> (artifact id: '6f3320384aa7a62ad00dce27d025eee7') in 0.062125 seconds 
========================================================================
Received Import Request.
  Time since last request: 1.081228 seconds.
  path: Assets/Prefabs/_Old
  artifactKey: Guid(f29ad53d7cfae2345b4563d3ab3d586c) Importer(815301076,1909f56bfc062723c751e8b465ee728b)
Start importing Assets/Prefabs/_Old using Guid(f29ad53d7cfae2345b4563d3ab3d586c) Importer(815301076,1909f56bfc062723c751e8b465ee728b)  -> (artifact id: 'ca55c376d888903f0d5d6b187c3e6526') in 0.005151 seconds 
========================================================================
Received Import Request.
  Time since last request: 0.718257 seconds.
  path: Assets/Prefabs/_Old/ItemGridGround 1.prefab
  artifactKey: Guid(bf0da9ef7808c644aa4cf45734c60051) Importer(815301076,1909f56bfc062723c751e8b465ee728b)
Start importing Assets/Prefabs/_Old/ItemGridGround 1.prefab using Guid(bf0da9ef7808c644aa4cf45734c60051) Importer(815301076,1909f56bfc062723c751e8b465ee728b)  -> (artifact id: '138f09c36e19796869a4f184957f74c4') in 0.012296 seconds 
========================================================================
Received Import Request.
  Time since last request: 1.781709 seconds.
  path: Assets/Prefabs/_Old/Player.prefab
  artifactKey: Guid(eb247d192ddbbe84a8855ee97d87de4b) Importer(815301076,1909f56bfc062723c751e8b465ee728b)
Start importing Assets/Prefabs/_Old/Player.prefab using Guid(eb247d192ddbbe84a8855ee97d87de4b) Importer(815301076,1909f56bfc062723c751e8b465ee728b)  -> (artifact id: 'a724aefabea561f334a87fd2fb6e8c42') in 0.014371 seconds 
========================================================================
Received Import Request.
  Time since last request: 13.058678 seconds.
  path: Assets/PickerWheel/Demigiant
  artifactKey: Guid(60b61ea8547d527499bad3f147ebf1c8) Importer(815301076,1909f56bfc062723c751e8b465ee728b)
Start importing Assets/PickerWheel/Demigiant using Guid(60b61ea8547d527499bad3f147ebf1c8) Importer(815301076,1909f56bfc062723c751e8b465ee728b)  -> (artifact id: 'a0a7d804ef65c786723ed96eaf73cf60') in 0.006797 seconds 
========================================================================
Received Import Request.
  Time since last request: 0.902693 seconds.
  path: Assets/PickerWheel/Demigiant/DOTween
  artifactKey: Guid(ff2995b81492f8e428d00102357d9fad) Importer(815301076,1909f56bfc062723c751e8b465ee728b)
Start importing Assets/PickerWheel/Demigiant/DOTween using Guid(ff2995b81492f8e428d00102357d9fad) Importer(815301076,1909f56bfc062723c751e8b465ee728b)  -> (artifact id: '31ad123e5168b6aa90e9b487529ca1e8') in 0.006698 seconds 
========================================================================
Received Import Request.
  Time since last request: 0.732698 seconds.
  path: Assets/PickerWheel/Demigiant/DOTween/Editor
  artifactKey: Guid(8e9b8824969709a44871102b2356a7ca) Importer(815301076,1909f56bfc062723c751e8b465ee728b)
Start importing Assets/PickerWheel/Demigiant/DOTween/Editor using Guid(8e9b8824969709a44871102b2356a7ca) Importer(815301076,1909f56bfc062723c751e8b465ee728b)  -> (artifact id: '61967190e974ef45d46e4b043ff21777') in 0.009444 seconds 
========================================================================
Received Import Request.
  Time since last request: 8.364044 seconds.
  path: Assets/PickerWheel/Prefabs/Piece.prefab
  artifactKey: Guid(a10fef7bc23b5a64a929387e97c9b936) Importer(815301076,1909f56bfc062723c751e8b465ee728b)
Start importing Assets/PickerWheel/Prefabs/Piece.prefab using Guid(a10fef7bc23b5a64a929387e97c9b936) Importer(815301076,1909f56bfc062723c751e8b465ee728b)  -> (artifact id: 'fe3f42ddfdb4dc7f8504edc49c8bd384') in 0.009371 seconds 
========================================================================
Received Import Request.
  Time since last request: 14.714792 seconds.
  path: Assets/PickerWheel/Prefabs/Line.prefab
  artifactKey: Guid(052d5aa0d2632e04c90d4d5027f9dd37) Importer(815301076,1909f56bfc062723c751e8b465ee728b)
Start importing Assets/PickerWheel/Prefabs/Line.prefab using Guid(052d5aa0d2632e04c90d4d5027f9dd37) Importer(815301076,1909f56bfc062723c751e8b465ee728b)  -> (artifact id: 'df33711509e4aab4478c933d88b573f3') in 0.009236 seconds 
========================================================================
Received Import Request.
  Time since last request: 1.049352 seconds.
  path: Assets/PickerWheel/Prefabs/PickerWheel.prefab
  artifactKey: Guid(160be82451391f6448834ec65286e007) Importer(815301076,1909f56bfc062723c751e8b465ee728b)
Start importing Assets/PickerWheel/Prefabs/PickerWheel.prefab using Guid(160be82451391f6448834ec65286e007) Importer(815301076,1909f56bfc062723c751e8b465ee728b)  -> (artifact id: '905453d77dcd88b6ed2293e9cb484e00') in 0.010816 seconds 
========================================================================
Received Import Request.
  Time since last request: 6.185388 seconds.
  path: Assets/PickerWheel/Sounds/tick1.ogg
  artifactKey: Guid(8ab9f96308f525a49a7ac7a50256d6ed) Importer(815301076,1909f56bfc062723c751e8b465ee728b)
Start importing Assets/PickerWheel/Sounds/tick1.ogg using Guid(8ab9f96308f525a49a7ac7a50256d6ed) Importer(815301076,1909f56bfc062723c751e8b465ee728b)  -> (artifact id: 'b2816699b29db6db69a0dc7fdb714e64') in 0.023405 seconds 
========================================================================
Received Import Request.
  Time since last request: 63.551643 seconds.
  path: Assets/PolygonParticles/Scenes
  artifactKey: Guid(311ecc912f5824148abab36870ba6ef4) Importer(815301076,1909f56bfc062723c751e8b465ee728b)
Start importing Assets/PolygonParticles/Scenes using Guid(311ecc912f5824148abab36870ba6ef4) Importer(815301076,1909f56bfc062723c751e8b465ee728b)  -> (artifact id: 'eb053dea4de780246c2d41bcb6382bcb') in 0.005938 seconds 
========================================================================
Received Import Request.
  Time since last request: 1.888746 seconds.
  path: Assets/PolygonParticles/Models
  artifactKey: Guid(7c404e7724953024fb42c76f03230114) Importer(815301076,1909f56bfc062723c751e8b465ee728b)
Start importing Assets/PolygonParticles/Models using Guid(7c404e7724953024fb42c76f03230114) Importer(815301076,1909f56bfc062723c751e8b465ee728b)  -> (artifact id: 'b890587e06f6ffadce7ae90cc246b84b') in 0.005986 seconds 
========================================================================
Received Import Request.
  Time since last request: 0.444643 seconds.
  path: Assets/PolygonParticles/Prefabs
  artifactKey: Guid(6ffb2d6e0933bb742bf8c56cb03c26b7) Importer(815301076,1909f56bfc062723c751e8b465ee728b)
Start importing Assets/PolygonParticles/Prefabs using Guid(6ffb2d6e0933bb742bf8c56cb03c26b7) Importer(815301076,1909f56bfc062723c751e8b465ee728b)  -> (artifact id: 'f57c8f20e86dd6d440681142e490d018') in 0.005882 seconds 
========================================================================
Received Import Request.
  Time since last request: 49.069585 seconds.
  path: Assets/ToonFX/Textures/flowerpink2x2.png
  artifactKey: Guid(647039cb3aac4d449aedafbd4ea34f57) Importer(815301076,1909f56bfc062723c751e8b465ee728b)
Start importing Assets/ToonFX/Textures/flowerpink2x2.png using Guid(647039cb3aac4d449aedafbd4ea34f57) Importer(815301076,1909f56bfc062723c751e8b465ee728b)  -> (artifact id: '1921f62c33e27bab87c5ba98c3e4708f') in 0.103386 seconds 
========================================================================
Received Import Request.
  Time since last request: 1.164363 seconds.
  path: Assets/ToonFX/Textures/flowerblue2x2.png
  artifactKey: Guid(b5042a5881134ea4d9f61e5774ae007c) Importer(815301076,1909f56bfc062723c751e8b465ee728b)
Start importing Assets/ToonFX/Textures/flowerblue2x2.png using Guid(b5042a5881134ea4d9f61e5774ae007c) Importer(815301076,1909f56bfc062723c751e8b465ee728b)  -> (artifact id: 'f2709424dce8d7eed1f2a57e11cd7810') in 0.012978 seconds 
========================================================================
Received Import Request.
  Time since last request: 0.873037 seconds.
  path: Assets/ToonFX/Textures/fire2x2.png
  artifactKey: Guid(643b1f89ba3e9bb429c48552e2d5c79b) Importer(815301076,1909f56bfc062723c751e8b465ee728b)
Start importing Assets/ToonFX/Textures/fire2x2.png using Guid(643b1f89ba3e9bb429c48552e2d5c79b) Importer(815301076,1909f56bfc062723c751e8b465ee728b)  -> (artifact id: 'dbfe9d9f42cef0db48b51e9940ffe5f8') in 0.013484 seconds 
========================================================================
Received Import Request.
  Time since last request: 0.510766 seconds.
  path: Assets/ToonFX/Textures/coins.png
  artifactKey: Guid(1699dbd54fcee0a46856002fbff1b84a) Importer(815301076,1909f56bfc062723c751e8b465ee728b)
Start importing Assets/ToonFX/Textures/coins.png using Guid(1699dbd54fcee0a46856002fbff1b84a) Importer(815301076,1909f56bfc062723c751e8b465ee728b)  -> (artifact id: 'fa469fe8bd7b38d43f439b277078a35d') in 0.011346 seconds 
========================================================================
Received Import Request.
  Time since last request: 0.599384 seconds.
  path: Assets/ToonFX/Textures/bubble_soap.png
  artifactKey: Guid(39deb3872474b0b44bf76f24e49d69d5) Importer(815301076,1909f56bfc062723c751e8b465ee728b)
Start importing Assets/ToonFX/Textures/bubble_soap.png using Guid(39deb3872474b0b44bf76f24e49d69d5) Importer(815301076,1909f56bfc062723c751e8b465ee728b)  -> (artifact id: '1018c0cee0b3a6e9259454900a2730d9') in 0.012662 seconds 
========================================================================
Received Import Request.
  Time since last request: 0.863588 seconds.
  path: Assets/ToonFX/Materials/Recolorable
  artifactKey: Guid(3ae8bb34f225d7041b58dacdee23d485) Importer(815301076,1909f56bfc062723c751e8b465ee728b)
Start importing Assets/ToonFX/Materials/Recolorable using Guid(3ae8bb34f225d7041b58dacdee23d485) Importer(815301076,1909f56bfc062723c751e8b465ee728b)  -> (artifact id: 'b5cacd0d57e7c34db795c188d64893a6') in 0.005675 seconds 
========================================================================
Received Import Request.
  Time since last request: 23.489514 seconds.
  path: Assets/ToonFX/Materials(Mobile)/Recolorable
  artifactKey: Guid(cebed87e2143ccb489aa9fb3a7298411) Importer(815301076,1909f56bfc062723c751e8b465ee728b)
Start importing Assets/ToonFX/Materials(Mobile)/Recolorable using Guid(cebed87e2143ccb489aa9fb3a7298411) Importer(815301076,1909f56bfc062723c751e8b465ee728b)  -> (artifact id: 'cd4717b337aacbe5244946c1c8b486d7') in 0.001720 seconds 
========================================================================
Received Import Request.
  Time since last request: 3.067038 seconds.
  path: Assets/ToonFX/Prefabs/Hearts
  artifactKey: Guid(ba396f16869fe624081da20836f88025) Importer(815301076,1909f56bfc062723c751e8b465ee728b)
Start importing Assets/ToonFX/Prefabs/Hearts using Guid(ba396f16869fe624081da20836f88025) Importer(815301076,1909f56bfc062723c751e8b465ee728b)  -> (artifact id: '630ec74c74d6d92018db53ebbcf0caef') in 0.006973 seconds 
========================================================================
Received Import Request.
  Time since last request: 0.489420 seconds.
  path: Assets/ToonFX/Prefabs/Flowers
  artifactKey: Guid(5010addf79d958446a2da3548cf74a15) Importer(815301076,1909f56bfc062723c751e8b465ee728b)
Start importing Assets/ToonFX/Prefabs/Flowers using Guid(5010addf79d958446a2da3548cf74a15) Importer(815301076,1909f56bfc062723c751e8b465ee728b)  -> (artifact id: '7f1a1f0d972c3c610ecd136abcff2adc') in 0.005728 seconds 
========================================================================
Received Import Request.
  Time since last request: 0.602689 seconds.
  path: Assets/ToonFX/Prefabs/Flowers/FlowerBlastBlue.prefab
  artifactKey: Guid(d733b9cf38054854ab7ec5daa126bba1) Importer(815301076,1909f56bfc062723c751e8b465ee728b)
Start importing Assets/ToonFX/Prefabs/Flowers/FlowerBlastBlue.prefab using Guid(d733b9cf38054854ab7ec5daa126bba1) Importer(815301076,1909f56bfc062723c751e8b465ee728b)  -> (artifact id: '65a1406faba298dff150e6ce26fceeb8') in 0.014284 seconds 
========================================================================
Received Import Request.
  Time since last request: 0.052415 seconds.
  path: Assets/ToonFX/Materials/FlowerBlue.mat
  artifactKey: Guid(613ea9388695b9347a0235b43b2735f6) Importer(815301076,1909f56bfc062723c751e8b465ee728b)
Start importing Assets/ToonFX/Materials/FlowerBlue.mat using Guid(613ea9388695b9347a0235b43b2735f6) Importer(815301076,1909f56bfc062723c751e8b465ee728b)  -> (artifact id: '544e7673ee318346bb684b601a3ab25f') in 0.106316 seconds 
========================================================================
Received Import Request.
  Time since last request: 0.922958 seconds.
  path: Assets/ToonFX/Prefabs/Flowers/FlowerBlastPink.prefab
  artifactKey: Guid(374180fbf28a3af4894bb436cb4bb2ea) Importer(815301076,1909f56bfc062723c751e8b465ee728b)
Start importing Assets/ToonFX/Prefabs/Flowers/FlowerBlastPink.prefab using Guid(374180fbf28a3af4894bb436cb4bb2ea) Importer(815301076,1909f56bfc062723c751e8b465ee728b)  -> (artifact id: '58527f12014e507d3f16f95b1ad4a623') in 0.014728 seconds 
========================================================================
Received Import Request.
  Time since last request: 0.000295 seconds.
  path: Assets/ToonFX/Materials/FlowerPink.mat
  artifactKey: Guid(2e76a9a9ee1fa4e4c959f2cf8c046f2d) Importer(815301076,1909f56bfc062723c751e8b465ee728b)
Start importing Assets/ToonFX/Materials/FlowerPink.mat using Guid(2e76a9a9ee1fa4e4c959f2cf8c046f2d) Importer(815301076,1909f56bfc062723c751e8b465ee728b)  -> (artifact id: '881609ba506f85ed4d111687b4aa75ea') in 0.014875 seconds 
========================================================================
Received Import Request.
  Time since last request: 0.052906 seconds.
  path: Assets/ToonFX/Prefabs/Flowers/FlowerBlastPink.prefab
  artifactKey: Guid(374180fbf28a3af4894bb436cb4bb2ea) Importer(815301076,1909f56bfc062723c751e8b465ee728b)
Start importing Assets/ToonFX/Prefabs/Flowers/FlowerBlastPink.prefab using Guid(374180fbf28a3af4894bb436cb4bb2ea) Importer(815301076,1909f56bfc062723c751e8b465ee728b)  -> (artifact id: 'e937510e7e10f55243068883a59fed53') in 0.010510 seconds 
========================================================================
Received Import Request.
  Time since last request: 6.084392 seconds.
  path: Assets/ToonFX/Textures/heart.png
  artifactKey: Guid(ac6f60e5b60b58044a3390c6e9f905c0) Importer(815301076,1909f56bfc062723c751e8b465ee728b)
Start importing Assets/ToonFX/Textures/heart.png using Guid(ac6f60e5b60b58044a3390c6e9f905c0) Importer(815301076,1909f56bfc062723c751e8b465ee728b)  -> (artifact id: '3a5e35f126d313ca08f9e256d90d76fd') in 0.010135 seconds 
========================================================================
Received Import Request.
  Time since last request: 162.487388 seconds.
  path: Assets/ToonFX/Textures/star.png
  artifactKey: Guid(fe22d83a66f84d24fb8eea52ac38765e) Importer(815301076,1909f56bfc062723c751e8b465ee728b)
Start importing Assets/ToonFX/Textures/star.png using Guid(fe22d83a66f84d24fb8eea52ac38765e) Importer(815301076,1909f56bfc062723c751e8b465ee728b)  -> (artifact id: 'c60fd980c7659ff2bec270325c918ebb') in 0.015581 seconds 
========================================================================
Received Import Request.
  Time since last request: 2.831439 seconds.
  path: Assets/ToonFX/Textures/Greyscale
  artifactKey: Guid(1fc6d815acd855042b780d560920ca4d) Importer(815301076,1909f56bfc062723c751e8b465ee728b)
Start importing Assets/ToonFX/Textures/Greyscale using Guid(1fc6d815acd855042b780d560920ca4d) Importer(815301076,1909f56bfc062723c751e8b465ee728b)  -> (artifact id: 'd0a3dc54b23a49fb144704eaa46eb9a8') in 0.006052 seconds 
========================================================================
Received Import Request.
  Time since last request: 11.973637 seconds.
  path: Assets/Scripts/Storelink.cs
  artifactKey: Guid(0f17b518146a0cc4890b039342c3ef71) Importer(815301076,1909f56bfc062723c751e8b465ee728b)
Start importing Assets/Scripts/Storelink.cs using Guid(0f17b518146a0cc4890b039342c3ef71) Importer(815301076,1909f56bfc062723c751e8b465ee728b)  -> (artifact id: '3e5d17a35d05e5d3c0b3870de2bb749e') in 0.062845 seconds 
========================================================================
Received Import Request.
  Time since last request: 116.650269 seconds.
  path: Assets/Scripts/SoundManager.cs
  artifactKey: Guid(3df36344cc65623498cddbc897fc67f7) Importer(815301076,1909f56bfc062723c751e8b465ee728b)
Start importing Assets/Scripts/SoundManager.cs using Guid(3df36344cc65623498cddbc897fc67f7) Importer(815301076,1909f56bfc062723c751e8b465ee728b)  -> (artifact id: '02ef681613ca2461446d9f0ca2e71e64') in 0.016940 seconds 
========================================================================
Received Import Request.
  Time since last request: 0.632892 seconds.
  path: Assets/Scripts/PlayerController.cs
  artifactKey: Guid(3e157779105cf4e4cb60c11a845de937) Importer(815301076,1909f56bfc062723c751e8b465ee728b)
Start importing Assets/Scripts/PlayerController.cs using Guid(3e157779105cf4e4cb60c11a845de937) Importer(815301076,1909f56bfc062723c751e8b465ee728b)  -> (artifact id: '1db32d07b48926d9f513623ea27f83b4') in 0.005832 seconds 
========================================================================
Received Import Request.
  Time since last request: 0.664613 seconds.
  path: Assets/Scripts/ItemGridControl.cs
  artifactKey: Guid(48d72c228f6fc9643855ebfe1a6ea73f) Importer(815301076,1909f56bfc062723c751e8b465ee728b)
Start importing Assets/Scripts/ItemGridControl.cs using Guid(48d72c228f6fc9643855ebfe1a6ea73f) Importer(815301076,1909f56bfc062723c751e8b465ee728b)  -> (artifact id: 'dcb6b483f94e8b4f1da7df4c9c983fa6') in 0.006801 seconds 
========================================================================
Received Import Request.
  Time since last request: 0.961698 seconds.
  path: Assets/Scripts/MuiTenControl.cs
  artifactKey: Guid(0d37795c9b8fac24e82af1470a89bb97) Importer(815301076,1909f56bfc062723c751e8b465ee728b)
Start importing Assets/Scripts/MuiTenControl.cs using Guid(0d37795c9b8fac24e82af1470a89bb97) Importer(815301076,1909f56bfc062723c751e8b465ee728b)  -> (artifact id: 'e81c6a64bcd9b05db9be04e62bb4efb2') in 0.007640 seconds 
========================================================================
Received Prepare
Registering precompiled user dll's ...
Registered in 0.006407 seconds.
Begin MonoManager ReloadAssembly
Native extension for WindowsStandalone target not found
Refreshing native plugins compatible for Editor in 1.47 ms, found 2 plugins.
Preloading 0 native plugins for Editor in 0.00 ms.
Failed to sync packages list
UnityEngine.StackTraceUtility:ExtractStackTrace ()
UnityEngine.DebugLogHandler:LogFormat (UnityEngine.LogType,UnityEngine.Object,string,object[])
UnityEngine.Logger:Log (UnityEngine.LogType,object)
UnityEngine.Debug:LogWarning (object)
 . ⁇/ :MoveNext ()
System.Runtime.CompilerServices.AsyncTaskMethodBuilder:Start< . ⁇/ > ( . ⁇/ &)
 . ⁇:  ()
 . 　/ :MoveNext ()
System.Runtime.CompilerServices.AsyncTaskMethodBuilder:Start< . 　/ > ( . 　/ &)
 . 　:  ()
System.Reflection.MonoMethod:Invoke (object,System.Reflection.BindingFlags,System.Reflection.Binder,object[],System.Globalization.CultureInfo)
System.Reflection.MethodBase:Invoke (object,object[])
UnityEditor.EditorAssemblies:ProcessInitializeOnLoadMethodAttributes ()

Mono: successfully reloaded assembly
- Completed reload, in  1.364 seconds
Domain Reload Profiling:
	ReloadAssembly (1369ms)
		BeginReloadAssembly (338ms)
			ExecutionOrderSort (0ms)
			DisableScriptedObjects (30ms)
			BackupInstance (0ms)
			ReleaseScriptingObjects (0ms)
			CreateAndSetChildDomain (168ms)
		EndReloadAssembly (962ms)
			LoadAssemblies (118ms)
			RebuildTransferFunctionScriptingTraits (0ms)
			SetupTypeCache (282ms)
			ReleaseScriptCaches (2ms)
			RebuildScriptCaches (38ms)
			SetupLoadedEditorAssemblies (459ms)
				LogAssemblyErrors (0ms)
				InitializePlatformSupportModulesInManaged (5ms)
				SetLoadedEditorAssemblies (1ms)
				RefreshPlugins (2ms)
				BeforeProcessingInitializeOnLoad (71ms)
				ProcessInitializeOnLoadAttributes (296ms)
				ProcessInitializeOnLoadMethodAttributes (84ms)
				AfterProcessingInitializeOnLoad (2ms)
				EditorAssembliesLoaded (0ms)
			ExecutionOrderSort2 (0ms)
			AwakeInstancesAfterBackupRestoration (1ms)
Platform modules already initialized, skipping
Refreshing native plugins compatible for Editor in 1.99 ms, found 2 plugins.
Preloading 0 native plugins for Editor in 0.00 ms.
Unloading 2073 Unused Serialized files (Serialized files now loaded: 0)
System memory in use before: 112.5 MB.
System memory in use after: 112.5 MB.

Unloading 52 unused Assets to reduce memory usage. Loaded Objects now: 2630.
Total: 10.061200 ms (FindLiveObjects: 0.229800 ms CreateObjectMapping: 0.047400 ms MarkObjects: 9.527700 ms  DeleteObjects: 0.253900 ms)

AssetImportParameters requested are different than current active one (requested -> active):
  custom:framework-win-MediaFoundation: 216162199b28c13a410421893ffa2e32 -> 
  custom:video-decoder-ogg-theora: a1e56fd34408186e4bbccfd4996cb3dc -> 
  custom:container-muxer-webm: aa71ff27fc2769a1b78a27578f13a17b -> 
  custom:container-demuxer-webm: 4f35f7cbe854078d1ac9338744f61a02 -> 
  custom:container-demuxer-ogg: 62fdf1f143b41e24485cea50d1cbac27 -> 
  custom:video-encoder-webm-vp8: eb34c28f22e8b96e1ab97ce403110664 -> 
  custom:video-decoder-webm-vp8: 9c59270c3fd7afecdb556c50c9e8de78 -> 
  custom:audio-decoder-ogg-vorbis: bf7c407c2cedff20999df2af8eb42d56 -> 
  custom:audio-encoder-webm-vorbis: bf7c407c2cedff20999df2af8eb42d56 -> 
========================================================================
Received Import Request.
  Time since last request: 136.363442 seconds.
  path: Assets/PickerWheel/Prefabs
  artifactKey: Guid(2e5e36233a1d9e042a3494f79ca133b1) Importer(815301076,1909f56bfc062723c751e8b465ee728b)
Start importing Assets/PickerWheel/Prefabs using Guid(2e5e36233a1d9e042a3494f79ca133b1) Importer(815301076,1909f56bfc062723c751e8b465ee728b)  -> (artifact id: '408c7e5adbd4dba7292336b62e833917') in 0.005314 seconds 
========================================================================
Received Import Request.
  Time since last request: 3.454310 seconds.
  path: Assets/PickerWheel/Scripts
  artifactKey: Guid(e873e278eec27aa40bfb1bd6911e1ee5) Importer(815301076,1909f56bfc062723c751e8b465ee728b)
Start importing Assets/PickerWheel/Scripts using Guid(e873e278eec27aa40bfb1bd6911e1ee5) Importer(815301076,1909f56bfc062723c751e8b465ee728b)  -> (artifact id: '3cc8b7da514436b6e8f166689ff79020') in 0.005910 seconds 
========================================================================
Received Prepare
Registering precompiled user dll's ...
Registered in 0.006839 seconds.
Begin MonoManager ReloadAssembly
Native extension for WindowsStandalone target not found
Refreshing native plugins compatible for Editor in 1.26 ms, found 2 plugins.
Preloading 0 native plugins for Editor in 0.00 ms.
Failed to sync packages list
UnityEngine.StackTraceUtility:ExtractStackTrace ()
UnityEngine.DebugLogHandler:LogFormat (UnityEngine.LogType,UnityEngine.Object,string,object[])
UnityEngine.Logger:Log (UnityEngine.LogType,object)
UnityEngine.Debug:LogWarning (object)
 . ⁇/ :MoveNext ()
System.Runtime.CompilerServices.AsyncTaskMethodBuilder:Start< . ⁇/ > ( . ⁇/ &)
 . ⁇:  ()
 . 　/ :MoveNext ()
System.Runtime.CompilerServices.AsyncTaskMethodBuilder:Start< . 　/ > ( . 　/ &)
 . 　:  ()
System.Reflection.MonoMethod:Invoke (object,System.Reflection.BindingFlags,System.Reflection.Binder,object[],System.Globalization.CultureInfo)
System.Reflection.MethodBase:Invoke (object,object[])
UnityEditor.EditorAssemblies:ProcessInitializeOnLoadMethodAttributes ()

Mono: successfully reloaded assembly
- Completed reload, in  0.964 seconds
Domain Reload Profiling:
	ReloadAssembly (964ms)
		BeginReloadAssembly (112ms)
			ExecutionOrderSort (0ms)
			DisableScriptedObjects (5ms)
			BackupInstance (0ms)
			ReleaseScriptingObjects (0ms)
			CreateAndSetChildDomain (41ms)
		EndReloadAssembly (808ms)
			LoadAssemblies (86ms)
			RebuildTransferFunctionScriptingTraits (0ms)
			SetupTypeCache (238ms)
			ReleaseScriptCaches (1ms)
			RebuildScriptCaches (29ms)
			SetupLoadedEditorAssemblies (387ms)
				LogAssemblyErrors (0ms)
				InitializePlatformSupportModulesInManaged (6ms)
				SetLoadedEditorAssemblies (1ms)
				RefreshPlugins (1ms)
				BeforeProcessingInitializeOnLoad (66ms)
				ProcessInitializeOnLoadAttributes (251ms)
				ProcessInitializeOnLoadMethodAttributes (61ms)
				AfterProcessingInitializeOnLoad (1ms)
				EditorAssembliesLoaded (0ms)
			ExecutionOrderSort2 (0ms)
			AwakeInstancesAfterBackupRestoration (1ms)
Platform modules already initialized, skipping
Refreshing native plugins compatible for Editor in 1.11 ms, found 2 plugins.
Preloading 0 native plugins for Editor in 0.00 ms.
Unloading 2062 Unused Serialized files (Serialized files now loaded: 0)
System memory in use before: 109.9 MB.
System memory in use after: 109.9 MB.

Unloading 60 unused Assets to reduce memory usage. Loaded Objects now: 2624.
Total: 6.151600 ms (FindLiveObjects: 0.257400 ms CreateObjectMapping: 0.080100 ms MarkObjects: 5.596700 ms  DeleteObjects: 0.215800 ms)

AssetImportParameters requested are different than current active one (requested -> active):
  custom:framework-win-MediaFoundation: 216162199b28c13a410421893ffa2e32 -> 
  custom:video-decoder-ogg-theora: a1e56fd34408186e4bbccfd4996cb3dc -> 
  custom:container-muxer-webm: aa71ff27fc2769a1b78a27578f13a17b -> 
  custom:container-demuxer-webm: 4f35f7cbe854078d1ac9338744f61a02 -> 
  custom:container-demuxer-ogg: 62fdf1f143b41e24485cea50d1cbac27 -> 
  custom:video-encoder-webm-vp8: eb34c28f22e8b96e1ab97ce403110664 -> 
  custom:video-decoder-webm-vp8: 9c59270c3fd7afecdb556c50c9e8de78 -> 
  custom:audio-decoder-ogg-vorbis: bf7c407c2cedff20999df2af8eb42d56 -> 
  custom:audio-encoder-webm-vorbis: bf7c407c2cedff20999df2af8eb42d56 -> 
========================================================================
Received Prepare
Registering precompiled user dll's ...
Registered in 0.004875 seconds.
Begin MonoManager ReloadAssembly
Native extension for WindowsStandalone target not found
Refreshing native plugins compatible for Editor in 1.21 ms, found 2 plugins.
Preloading 0 native plugins for Editor in 0.00 ms.
Failed to sync packages list
UnityEngine.StackTraceUtility:ExtractStackTrace ()
UnityEngine.DebugLogHandler:LogFormat (UnityEngine.LogType,UnityEngine.Object,string,object[])
UnityEngine.Logger:Log (UnityEngine.LogType,object)
UnityEngine.Debug:LogWarning (object)
 . ⁇/ :MoveNext ()
System.Runtime.CompilerServices.AsyncTaskMethodBuilder:Start< . ⁇/ > ( . ⁇/ &)
 . ⁇:  ()
 . 　/ :MoveNext ()
System.Runtime.CompilerServices.AsyncTaskMethodBuilder:Start< . 　/ > ( . 　/ &)
 . 　:  ()
System.Reflection.MonoMethod:Invoke (object,System.Reflection.BindingFlags,System.Reflection.Binder,object[],System.Globalization.CultureInfo)
System.Reflection.MethodBase:Invoke (object,object[])
UnityEditor.EditorAssemblies:ProcessInitializeOnLoadMethodAttributes ()

Mono: successfully reloaded assembly
- Completed reload, in  0.803 seconds
Domain Reload Profiling:
	ReloadAssembly (804ms)
		BeginReloadAssembly (83ms)
			ExecutionOrderSort (0ms)
			DisableScriptedObjects (4ms)
			BackupInstance (0ms)
			ReleaseScriptingObjects (0ms)
			CreateAndSetChildDomain (30ms)
		EndReloadAssembly (683ms)
			LoadAssemblies (62ms)
			RebuildTransferFunctionScriptingTraits (0ms)
			SetupTypeCache (190ms)
			ReleaseScriptCaches (1ms)
			RebuildScriptCaches (30ms)
			SetupLoadedEditorAssemblies (340ms)
				LogAssemblyErrors (0ms)
				InitializePlatformSupportModulesInManaged (3ms)
				SetLoadedEditorAssemblies (0ms)
				RefreshPlugins (1ms)
				BeforeProcessingInitializeOnLoad (52ms)
				ProcessInitializeOnLoadAttributes (225ms)
				ProcessInitializeOnLoadMethodAttributes (58ms)
				AfterProcessingInitializeOnLoad (1ms)
				EditorAssembliesLoaded (0ms)
			ExecutionOrderSort2 (0ms)
			AwakeInstancesAfterBackupRestoration (1ms)
Platform modules already initialized, skipping
Refreshing native plugins compatible for Editor in 1.03 ms, found 2 plugins.
Preloading 0 native plugins for Editor in 0.00 ms.
Unloading 2062 Unused Serialized files (Serialized files now loaded: 0)
System memory in use before: 112.5 MB.
System memory in use after: 112.5 MB.

Unloading 49 unused Assets to reduce memory usage. Loaded Objects now: 2629.
Total: 5.594400 ms (FindLiveObjects: 0.125400 ms CreateObjectMapping: 0.035100 ms MarkObjects: 5.285000 ms  DeleteObjects: 0.147700 ms)

AssetImportParameters requested are different than current active one (requested -> active):
  custom:framework-win-MediaFoundation: 216162199b28c13a410421893ffa2e32 -> 
  custom:video-decoder-ogg-theora: a1e56fd34408186e4bbccfd4996cb3dc -> 
  custom:container-muxer-webm: aa71ff27fc2769a1b78a27578f13a17b -> 
  custom:container-demuxer-webm: 4f35f7cbe854078d1ac9338744f61a02 -> 
  custom:container-demuxer-ogg: 62fdf1f143b41e24485cea50d1cbac27 -> 
  custom:video-encoder-webm-vp8: eb34c28f22e8b96e1ab97ce403110664 -> 
  custom:video-decoder-webm-vp8: 9c59270c3fd7afecdb556c50c9e8de78 -> 
  custom:audio-decoder-ogg-vorbis: bf7c407c2cedff20999df2af8eb42d56 -> 
  custom:audio-encoder-webm-vorbis: bf7c407c2cedff20999df2af8eb42d56 -> 
========================================================================
Received Import Request.
  Time since last request: 566.671668 seconds.
  path: Assets/JMO Assets/Cartoon FX
  artifactKey: Guid(0da1a8ce0e73b7b4f8d811233502f704) Importer(815301076,1909f56bfc062723c751e8b465ee728b)
Start importing Assets/JMO Assets/Cartoon FX using Guid(0da1a8ce0e73b7b4f8d811233502f704) Importer(815301076,1909f56bfc062723c751e8b465ee728b)  -> (artifact id: '9f24778cf7d4f666376d7c827f19e822') in 0.204558 seconds 
========================================================================
Received Import Request.
  Time since last request: 1.538841 seconds.
  path: Assets/GUI PRO Kit - Simple Casual/+Document README+
  artifactKey: Guid(881268603e888457aa0a9fc7332927bb) Importer(815301076,1909f56bfc062723c751e8b465ee728b)
Start importing Assets/GUI PRO Kit - Simple Casual/+Document README+ using Guid(881268603e888457aa0a9fc7332927bb) Importer(815301076,1909f56bfc062723c751e8b465ee728b)  -> (artifact id: '65d9587106b2232fd19014854c685aea') in 0.010271 seconds 
========================================================================
Received Import Request.
  Time since last request: 0.767581 seconds.
  path: Assets/GUI PRO Kit - Simple Casual/Fonts
  artifactKey: Guid(4afb0da45dcb64e1eabafbcf5678a562) Importer(815301076,1909f56bfc062723c751e8b465ee728b)
Start importing Assets/GUI PRO Kit - Simple Casual/Fonts using Guid(4afb0da45dcb64e1eabafbcf5678a562) Importer(815301076,1909f56bfc062723c751e8b465ee728b)  -> (artifact id: '9471c32f31ff8835dc16429628237a3f') in 0.007100 seconds 
========================================================================
Received Import Request.
  Time since last request: 0.283309 seconds.
  path: Assets/GUI PRO Kit - Simple Casual/Scene
  artifactKey: Guid(2ea72faad256d4cafb9c4228cee02456) Importer(815301076,1909f56bfc062723c751e8b465ee728b)
Start importing Assets/GUI PRO Kit - Simple Casual/Scene using Guid(2ea72faad256d4cafb9c4228cee02456) Importer(815301076,1909f56bfc062723c751e8b465ee728b)  -> (artifact id: '9c627f09c02207dbb9bf6d9f6afb4b2a') in 0.007103 seconds 
========================================================================
Received Import Request.
  Time since last request: 0.298537 seconds.
  path: Assets/GUI PRO Kit - Simple Casual/Scripts
  artifactKey: Guid(8090065bf71414951bbe6f77e0db06e5) Importer(815301076,1909f56bfc062723c751e8b465ee728b)
Start importing Assets/GUI PRO Kit - Simple Casual/Scripts using Guid(8090065bf71414951bbe6f77e0db06e5) Importer(815301076,1909f56bfc062723c751e8b465ee728b)  -> (artifact id: '89ddeee476f1d536ecbab5d195446f1b') in 0.006137 seconds 
========================================================================
Received Import Request.
  Time since last request: 0.268707 seconds.
  path: Assets/GUI PRO Kit - Simple Casual/Sprite
  artifactKey: Guid(2d6498c1349474ca581fe4e08b5440c7) Importer(815301076,1909f56bfc062723c751e8b465ee728b)
Start importing Assets/GUI PRO Kit - Simple Casual/Sprite using Guid(2d6498c1349474ca581fe4e08b5440c7) Importer(815301076,1909f56bfc062723c751e8b465ee728b)  -> (artifact id: '1372b3d05bf31dc2a865ce9d3255ff65') in 0.007440 seconds 
========================================================================
Received Import Request.
  Time since last request: 0.632881 seconds.
  path: Assets/GUI PRO Kit - Simple Casual/Preview
  artifactKey: Guid(8b4a563f979cb4d39aa1efc3079b7aee) Importer(815301076,1909f56bfc062723c751e8b465ee728b)
Start importing Assets/GUI PRO Kit - Simple Casual/Preview using Guid(8b4a563f979cb4d39aa1efc3079b7aee) Importer(815301076,1909f56bfc062723c751e8b465ee728b)  -> (artifact id: '82e1139e60fe16cbb3f94cd085349fe0') in 0.005950 seconds 
========================================================================
Received Import Request.
  Time since last request: 6.866782 seconds.
  path: Assets/ErbGameArt/3D Lasers Pack/Shaders
  artifactKey: Guid(e787c74344f4d6342a78812342b51ce0) Importer(815301076,1909f56bfc062723c751e8b465ee728b)
Start importing Assets/ErbGameArt/3D Lasers Pack/Shaders using Guid(e787c74344f4d6342a78812342b51ce0) Importer(815301076,1909f56bfc062723c751e8b465ee728b)  -> (artifact id: 'b15fdc87c34f592ff7eda5b8323562b1') in 0.006705 seconds 
========================================================================
Received Import Request.
  Time since last request: 0.360459 seconds.
  path: Assets/ErbGameArt/3D Lasers Pack/Textures
  artifactKey: Guid(bdbbe8265f2a47246917cd030d0824ab) Importer(815301076,1909f56bfc062723c751e8b465ee728b)
Start importing Assets/ErbGameArt/3D Lasers Pack/Textures using Guid(bdbbe8265f2a47246917cd030d0824ab) Importer(815301076,1909f56bfc062723c751e8b465ee728b)  -> (artifact id: 'b85d3916a4134d6c78e9c49188a9c52e') in 0.005940 seconds 
========================================================================
Received Import Request.
  Time since last request: 15.901983 seconds.
  path: Assets/ErbGameArt/3D Lasers Pack/Prefabs
  artifactKey: Guid(0d18f824d9df9534e9826685682039a3) Importer(815301076,1909f56bfc062723c751e8b465ee728b)
Start importing Assets/ErbGameArt/3D Lasers Pack/Prefabs using Guid(0d18f824d9df9534e9826685682039a3) Importer(815301076,1909f56bfc062723c751e8b465ee728b)  -> (artifact id: '7488b70d273afa91af8c2265ecb4aa32') in 0.006259 seconds 
========================================================================
Received Import Request.
  Time since last request: 1.080474 seconds.
  path: Assets/ErbGameArt/3D Lasers Pack/Models
  artifactKey: Guid(219a9396ca871954fa9f6642433ada40) Importer(815301076,1909f56bfc062723c751e8b465ee728b)
Start importing Assets/ErbGameArt/3D Lasers Pack/Models using Guid(219a9396ca871954fa9f6642433ada40) Importer(815301076,1909f56bfc062723c751e8b465ee728b)  -> (artifact id: '744cc7630fa9eaab9c1ce8e5085bf12d') in 0.005840 seconds 
========================================================================
Received Import Request.
  Time since last request: 0.871748 seconds.
  path: Assets/ErbGameArt/3D Lasers Pack/Models/CylinderFromGround.fbx
  artifactKey: Guid(82dbd8e3418cba140afc86fa4b355d35) Importer(815301076,1909f56bfc062723c751e8b465ee728b)
Start importing Assets/ErbGameArt/3D Lasers Pack/Models/CylinderFromGround.fbx using Guid(82dbd8e3418cba140afc86fa4b355d35) Importer(815301076,1909f56bfc062723c751e8b465ee728b)  -> (artifact id: '98c1d68de14dc5cd8e2d24bcfa81edaf') in 0.369293 seconds 
========================================================================
Received Prepare
Registering precompiled user dll's ...
Registered in 0.005031 seconds.
Begin MonoManager ReloadAssembly
Native extension for WindowsStandalone target not found
Refreshing native plugins compatible for Editor in 1.15 ms, found 2 plugins.
Preloading 0 native plugins for Editor in 0.00 ms.
Failed to sync packages list
UnityEngine.StackTraceUtility:ExtractStackTrace ()
UnityEngine.DebugLogHandler:LogFormat (UnityEngine.LogType,UnityEngine.Object,string,object[])
UnityEngine.Logger:Log (UnityEngine.LogType,object)
UnityEngine.Debug:LogWarning (object)
 . ⁇/ :MoveNext ()
System.Runtime.CompilerServices.AsyncTaskMethodBuilder:Start< . ⁇/ > ( . ⁇/ &)
 . ⁇:  ()
 . 　/ :MoveNext ()
System.Runtime.CompilerServices.AsyncTaskMethodBuilder:Start< . 　/ > ( . 　/ &)
 . 　:  ()
System.Reflection.MonoMethod:Invoke (object,System.Reflection.BindingFlags,System.Reflection.Binder,object[],System.Globalization.CultureInfo)
System.Reflection.MethodBase:Invoke (object,object[])
UnityEditor.EditorAssemblies:ProcessInitializeOnLoadMethodAttributes ()

Mono: successfully reloaded assembly
- Completed reload, in  1.001 seconds
Domain Reload Profiling:
	ReloadAssembly (1002ms)
		BeginReloadAssembly (159ms)
			ExecutionOrderSort (0ms)
			DisableScriptedObjects (6ms)
			BackupInstance (0ms)
			ReleaseScriptingObjects (0ms)
			CreateAndSetChildDomain (82ms)
		EndReloadAssembly (795ms)
			LoadAssemblies (82ms)
			RebuildTransferFunctionScriptingTraits (0ms)
			SetupTypeCache (236ms)
			ReleaseScriptCaches (1ms)
			RebuildScriptCaches (31ms)
			SetupLoadedEditorAssemblies (379ms)
				LogAssemblyErrors (0ms)
				InitializePlatformSupportModulesInManaged (3ms)
				SetLoadedEditorAssemblies (1ms)
				RefreshPlugins (1ms)
				BeforeProcessingInitializeOnLoad (59ms)
				ProcessInitializeOnLoadAttributes (245ms)
				ProcessInitializeOnLoadMethodAttributes (69ms)
				AfterProcessingInitializeOnLoad (1ms)
				EditorAssembliesLoaded (0ms)
			ExecutionOrderSort2 (0ms)
			AwakeInstancesAfterBackupRestoration (1ms)
Platform modules already initialized, skipping
Refreshing native plugins compatible for Editor in 1.00 ms, found 2 plugins.
Preloading 0 native plugins for Editor in 0.00 ms.
Unloading 2062 Unused Serialized files (Serialized files now loaded: 0)
System memory in use before: 112.8 MB.
System memory in use after: 112.8 MB.

Unloading 50 unused Assets to reduce memory usage. Loaded Objects now: 2638.
Total: 5.798800 ms (FindLiveObjects: 0.139900 ms CreateObjectMapping: 0.039700 ms MarkObjects: 5.456600 ms  DeleteObjects: 0.160900 ms)

AssetImportParameters requested are different than current active one (requested -> active):
  custom:framework-win-MediaFoundation: 216162199b28c13a410421893ffa2e32 -> 
  custom:video-decoder-ogg-theora: a1e56fd34408186e4bbccfd4996cb3dc -> 
  custom:container-muxer-webm: aa71ff27fc2769a1b78a27578f13a17b -> 
  custom:container-demuxer-webm: 4f35f7cbe854078d1ac9338744f61a02 -> 
  custom:container-demuxer-ogg: 62fdf1f143b41e24485cea50d1cbac27 -> 
  custom:video-encoder-webm-vp8: eb34c28f22e8b96e1ab97ce403110664 -> 
  custom:video-decoder-webm-vp8: 9c59270c3fd7afecdb556c50c9e8de78 -> 
  custom:audio-decoder-ogg-vorbis: bf7c407c2cedff20999df2af8eb42d56 -> 
  custom:audio-encoder-webm-vorbis: bf7c407c2cedff20999df2af8eb42d56 -> 
========================================================================
Received Import Request.
  Time since last request: 4.530864 seconds.
  path: Assets/ErbGameArt/3D Lasers Pack/Models/Conus.fbx
  artifactKey: Guid(25ce058c1e3d07645ad3c004b15c262c) Importer(815301076,1909f56bfc062723c751e8b465ee728b)
Start importing Assets/ErbGameArt/3D Lasers Pack/Models/Conus.fbx using Guid(25ce058c1e3d07645ad3c004b15c262c) Importer(815301076,1909f56bfc062723c751e8b465ee728b)  -> (artifact id: 'eb8ae173b9c57f0322d0f37f3ce97a76') in 0.069137 seconds 
========================================================================
Received Import Request.
  Time since last request: 11.627862 seconds.
  path: Assets/ErbGameArt/3D Lasers Pack/Prefabs/Laser beam 10.prefab
  artifactKey: Guid(e0159d7c05382534e92cb4361d3e94d2) Importer(815301076,1909f56bfc062723c751e8b465ee728b)
Start importing Assets/ErbGameArt/3D Lasers Pack/Prefabs/Laser beam 10.prefab using Guid(e0159d7c05382534e92cb4361d3e94d2) Importer(815301076,1909f56bfc062723c751e8b465ee728b)  -> (artifact id: '03846ceb040749209cd8a3d420732d58') in 0.090310 seconds 
========================================================================
Received Import Request.
  Time since last request: 1.239805 seconds.
  path: Assets/ErbGameArt/3D Lasers Pack/Prefabs/Laser beam 9.prefab
  artifactKey: Guid(7ebc3741ac6927149872ca7c601b09d4) Importer(815301076,1909f56bfc062723c751e8b465ee728b)
Start importing Assets/ErbGameArt/3D Lasers Pack/Prefabs/Laser beam 9.prefab using Guid(7ebc3741ac6927149872ca7c601b09d4) Importer(815301076,1909f56bfc062723c751e8b465ee728b)  -> (artifact id: '4d1987b5649a5d67e45d2329dbd78f51') in 0.057704 seconds 
========================================================================
Received Import Request.
  Time since last request: 0.535836 seconds.
  path: Assets/ErbGameArt/3D Lasers Pack/Prefabs/Laser beam 8.prefab
  artifactKey: Guid(d8823133cab18b84587a4f0365df9cff) Importer(815301076,1909f56bfc062723c751e8b465ee728b)
Start importing Assets/ErbGameArt/3D Lasers Pack/Prefabs/Laser beam 8.prefab using Guid(d8823133cab18b84587a4f0365df9cff) Importer(815301076,1909f56bfc062723c751e8b465ee728b)  -> (artifact id: 'f867a2fd7439983c652934e94ce1e8b1') in 0.021961 seconds 
========================================================================
Received Import Request.
  Time since last request: 0.752769 seconds.
  path: Assets/ErbGameArt/3D Lasers Pack/Prefabs/Laser beam 7.prefab
  artifactKey: Guid(30f45a15e0a47a943912fda204502b81) Importer(815301076,1909f56bfc062723c751e8b465ee728b)
Start importing Assets/ErbGameArt/3D Lasers Pack/Prefabs/Laser beam 7.prefab using Guid(30f45a15e0a47a943912fda204502b81) Importer(815301076,1909f56bfc062723c751e8b465ee728b)  -> (artifact id: '6bd5c319b74933b21fa14ae4d23d1804') in 0.017133 seconds 
========================================================================
Received Import Request.
  Time since last request: 0.485795 seconds.
  path: Assets/ErbGameArt/3D Lasers Pack/Prefabs/Laser beam 6.prefab
  artifactKey: Guid(b67042affc59bdf469a26afcc712c2bc) Importer(815301076,1909f56bfc062723c751e8b465ee728b)
Start importing Assets/ErbGameArt/3D Lasers Pack/Prefabs/Laser beam 6.prefab using Guid(b67042affc59bdf469a26afcc712c2bc) Importer(815301076,1909f56bfc062723c751e8b465ee728b)  -> (artifact id: '3cf3ad4f3b57f5b2e1a4af5a67cc988d') in 0.015152 seconds 
========================================================================
Received Import Request.
  Time since last request: 0.406172 seconds.
  path: Assets/ErbGameArt/3D Lasers Pack/Prefabs/Laser beam 5.prefab
  artifactKey: Guid(5ef207190f0475843a714c18f0be30a4) Importer(815301076,1909f56bfc062723c751e8b465ee728b)
Start importing Assets/ErbGameArt/3D Lasers Pack/Prefabs/Laser beam 5.prefab using Guid(5ef207190f0475843a714c18f0be30a4) Importer(815301076,1909f56bfc062723c751e8b465ee728b)  -> (artifact id: 'fb410dc583f35d135ee931b1ab6e86d1') in 0.069993 seconds 
========================================================================
Received Import Request.
  Time since last request: 0.566782 seconds.
  path: Assets/ErbGameArt/3D Lasers Pack/Prefabs/Laser beam 4.prefab
  artifactKey: Guid(6028b5b4fbbf45e45a362de709aa2e18) Importer(815301076,1909f56bfc062723c751e8b465ee728b)
Start importing Assets/ErbGameArt/3D Lasers Pack/Prefabs/Laser beam 4.prefab using Guid(6028b5b4fbbf45e45a362de709aa2e18) Importer(815301076,1909f56bfc062723c751e8b465ee728b)  -> (artifact id: '1bb24ad74c66e084693e1e15ce71ae20') in 0.042207 seconds 
========================================================================
Received Import Request.
  Time since last request: 0.295015 seconds.
  path: Assets/ErbGameArt/3D Lasers Pack/Prefabs/Laser beam 2.prefab
  artifactKey: Guid(9d5dbdf2d3c3c6b4eadc51123699d237) Importer(815301076,1909f56bfc062723c751e8b465ee728b)
Start importing Assets/ErbGameArt/3D Lasers Pack/Prefabs/Laser beam 2.prefab using Guid(9d5dbdf2d3c3c6b4eadc51123699d237) Importer(815301076,1909f56bfc062723c751e8b465ee728b)  -> (artifact id: 'b9c4988b30629c365c3c62b6b19aac90') in 0.045697 seconds 
========================================================================
Received Import Request.
  Time since last request: 0.445172 seconds.
  path: Assets/ErbGameArt/3D Lasers Pack/Prefabs/Laser beam 3.prefab
  artifactKey: Guid(280b8b1393d77f148a8cbcfc7f36e116) Importer(815301076,1909f56bfc062723c751e8b465ee728b)
Start importing Assets/ErbGameArt/3D Lasers Pack/Prefabs/Laser beam 3.prefab using Guid(280b8b1393d77f148a8cbcfc7f36e116) Importer(815301076,1909f56bfc062723c751e8b465ee728b)  -> (artifact id: '53da5014f67136ab8dc4acebc9fa4ec2') in 0.030622 seconds 
========================================================================
Received Import Request.
  Time since last request: 0.325835 seconds.
  path: Assets/ErbGameArt/3D Lasers Pack/Prefabs/Laser beam 1.prefab
  artifactKey: Guid(b478a3c4c8ae3bb42a5785ab95bcf6d3) Importer(815301076,1909f56bfc062723c751e8b465ee728b)
Start importing Assets/ErbGameArt/3D Lasers Pack/Prefabs/Laser beam 1.prefab using Guid(b478a3c4c8ae3bb42a5785ab95bcf6d3) Importer(815301076,1909f56bfc062723c751e8b465ee728b)  -> (artifact id: 'f2f2eb218eb9de3262dcce1afc1696ce') in 0.039660 seconds 
========================================================================
Received Import Request.
  Time since last request: 17.961014 seconds.
  path: Assets/Prefabs/MuiTen.prefab
  artifactKey: Guid(ecc163c28c55e514b83e171aaccd05c6) Importer(815301076,1909f56bfc062723c751e8b465ee728b)
Start importing Assets/Prefabs/MuiTen.prefab using Guid(ecc163c28c55e514b83e171aaccd05c6) Importer(815301076,1909f56bfc062723c751e8b465ee728b)  -> (artifact id: '0246b96a44464dfdf910c238c1071d8f') in 0.012966 seconds 
========================================================================
Received Prepare
Registering precompiled user dll's ...
Registered in 0.003537 seconds.
Begin MonoManager ReloadAssembly
Native extension for WindowsStandalone target not found
Refreshing native plugins compatible for Editor in 1.35 ms, found 2 plugins.
Preloading 0 native plugins for Editor in 0.00 ms.
Failed to sync packages list
UnityEngine.StackTraceUtility:ExtractStackTrace ()
UnityEngine.DebugLogHandler:LogFormat (UnityEngine.LogType,UnityEngine.Object,string,object[])
UnityEngine.Logger:Log (UnityEngine.LogType,object)
UnityEngine.Debug:LogWarning (object)
 . ⁇/ :MoveNext ()
System.Runtime.CompilerServices.AsyncTaskMethodBuilder:Start< . ⁇/ > ( . ⁇/ &)
 . ⁇:  ()
 . 　/ :MoveNext ()
System.Runtime.CompilerServices.AsyncTaskMethodBuilder:Start< . 　/ > ( . 　/ &)
 . 　:  ()
System.Reflection.MonoMethod:Invoke (object,System.Reflection.BindingFlags,System.Reflection.Binder,object[],System.Globalization.CultureInfo)
System.Reflection.MethodBase:Invoke (object,object[])
UnityEditor.EditorAssemblies:ProcessInitializeOnLoadMethodAttributes ()

Mono: successfully reloaded assembly
- Completed reload, in  1.059 seconds
Domain Reload Profiling:
	ReloadAssembly (1059ms)
		BeginReloadAssembly (118ms)
			ExecutionOrderSort (0ms)
			DisableScriptedObjects (5ms)
			BackupInstance (0ms)
			ReleaseScriptingObjects (0ms)
			CreateAndSetChildDomain (46ms)
		EndReloadAssembly (890ms)
			LoadAssemblies (88ms)
			RebuildTransferFunctionScriptingTraits (0ms)
			SetupTypeCache (271ms)
			ReleaseScriptCaches (2ms)
			RebuildScriptCaches (35ms)
			SetupLoadedEditorAssemblies (420ms)
				LogAssemblyErrors (0ms)
				InitializePlatformSupportModulesInManaged (4ms)
				SetLoadedEditorAssemblies (0ms)
				RefreshPlugins (2ms)
				BeforeProcessingInitializeOnLoad (66ms)
				ProcessInitializeOnLoadAttributes (268ms)
				ProcessInitializeOnLoadMethodAttributes (77ms)
				AfterProcessingInitializeOnLoad (1ms)
				EditorAssembliesLoaded (0ms)
			ExecutionOrderSort2 (0ms)
			AwakeInstancesAfterBackupRestoration (1ms)
Platform modules already initialized, skipping
Refreshing native plugins compatible for Editor in 1.56 ms, found 2 plugins.
Preloading 0 native plugins for Editor in 0.00 ms.
Unloading 2062 Unused Serialized files (Serialized files now loaded: 0)
System memory in use before: 113.0 MB.
System memory in use after: 113.0 MB.

Unloading 50 unused Assets to reduce memory usage. Loaded Objects now: 2644.
Total: 6.840000 ms (FindLiveObjects: 0.189200 ms CreateObjectMapping: 0.059100 ms MarkObjects: 6.443700 ms  DeleteObjects: 0.146300 ms)

AssetImportParameters requested are different than current active one (requested -> active):
  custom:framework-win-MediaFoundation: 216162199b28c13a410421893ffa2e32 -> 
  custom:video-decoder-ogg-theora: a1e56fd34408186e4bbccfd4996cb3dc -> 
  custom:container-muxer-webm: aa71ff27fc2769a1b78a27578f13a17b -> 
  custom:container-demuxer-webm: 4f35f7cbe854078d1ac9338744f61a02 -> 
  custom:container-demuxer-ogg: 62fdf1f143b41e24485cea50d1cbac27 -> 
  custom:video-encoder-webm-vp8: eb34c28f22e8b96e1ab97ce403110664 -> 
  custom:video-decoder-webm-vp8: 9c59270c3fd7afecdb556c50c9e8de78 -> 
  custom:audio-decoder-ogg-vorbis: bf7c407c2cedff20999df2af8eb42d56 -> 
  custom:audio-encoder-webm-vorbis: bf7c407c2cedff20999df2af8eb42d56 -> 
========================================================================
Received Prepare
Registering precompiled user dll's ...
Registered in 0.013635 seconds.
Begin MonoManager ReloadAssembly
Native extension for WindowsStandalone target not found
Refreshing native plugins compatible for Editor in 1.65 ms, found 2 plugins.
Preloading 0 native plugins for Editor in 0.00 ms.
Failed to sync packages list
UnityEngine.StackTraceUtility:ExtractStackTrace ()
UnityEngine.DebugLogHandler:LogFormat (UnityEngine.LogType,UnityEngine.Object,string,object[])
UnityEngine.Logger:Log (UnityEngine.LogType,object)
UnityEngine.Debug:LogWarning (object)
 . ⁇/ :MoveNext ()
System.Runtime.CompilerServices.AsyncTaskMethodBuilder:Start< . ⁇/ > ( . ⁇/ &)
 . ⁇:  ()
 . 　/ :MoveNext ()
System.Runtime.CompilerServices.AsyncTaskMethodBuilder:Start< . 　/ > ( . 　/ &)
 . 　:  ()
System.Reflection.MonoMethod:Invoke (object,System.Reflection.BindingFlags,System.Reflection.Binder,object[],System.Globalization.CultureInfo)
System.Reflection.MethodBase:Invoke (object,object[])
UnityEditor.EditorAssemblies:ProcessInitializeOnLoadMethodAttributes ()

Mono: successfully reloaded assembly
- Completed reload, in  1.638 seconds
Domain Reload Profiling:
	ReloadAssembly (1639ms)
		BeginReloadAssembly (189ms)
			ExecutionOrderSort (0ms)
			DisableScriptedObjects (8ms)
			BackupInstance (0ms)
			ReleaseScriptingObjects (0ms)
			CreateAndSetChildDomain (52ms)
		EndReloadAssembly (1400ms)
			LoadAssemblies (195ms)
			RebuildTransferFunctionScriptingTraits (0ms)
			SetupTypeCache (412ms)
			ReleaseScriptCaches (1ms)
			RebuildScriptCaches (54ms)
			SetupLoadedEditorAssemblies (662ms)
				LogAssemblyErrors (0ms)
				InitializePlatformSupportModulesInManaged (5ms)
				SetLoadedEditorAssemblies (1ms)
				RefreshPlugins (2ms)
				BeforeProcessingInitializeOnLoad (109ms)
				ProcessInitializeOnLoadAttributes (380ms)
				ProcessInitializeOnLoadMethodAttributes (164ms)
				AfterProcessingInitializeOnLoad (1ms)
				EditorAssembliesLoaded (0ms)
			ExecutionOrderSort2 (0ms)
			AwakeInstancesAfterBackupRestoration (1ms)
Platform modules already initialized, skipping
Refreshing native plugins compatible for Editor in 1.99 ms, found 2 plugins.
Preloading 0 native plugins for Editor in 0.00 ms.
Unloading 2062 Unused Serialized files (Serialized files now loaded: 0)
System memory in use before: 113.2 MB.
System memory in use after: 113.2 MB.

Unloading 49 unused Assets to reduce memory usage. Loaded Objects now: 2649.
Total: 7.427900 ms (FindLiveObjects: 0.143800 ms CreateObjectMapping: 0.039800 ms MarkObjects: 7.052700 ms  DeleteObjects: 0.189800 ms)

AssetImportParameters requested are different than current active one (requested -> active):
  custom:framework-win-MediaFoundation: 216162199b28c13a410421893ffa2e32 -> 
  custom:video-decoder-ogg-theora: a1e56fd34408186e4bbccfd4996cb3dc -> 
  custom:container-muxer-webm: aa71ff27fc2769a1b78a27578f13a17b -> 
  custom:container-demuxer-webm: 4f35f7cbe854078d1ac9338744f61a02 -> 
  custom:container-demuxer-ogg: 62fdf1f143b41e24485cea50d1cbac27 -> 
  custom:video-encoder-webm-vp8: eb34c28f22e8b96e1ab97ce403110664 -> 
  custom:video-decoder-webm-vp8: 9c59270c3fd7afecdb556c50c9e8de78 -> 
  custom:audio-decoder-ogg-vorbis: bf7c407c2cedff20999df2af8eb42d56 -> 
  custom:audio-encoder-webm-vorbis: bf7c407c2cedff20999df2af8eb42d56 -> 
========================================================================
Received Import Request.
  Time since last request: 710.515784 seconds.
  path: Assets/Prefabs/ListPlayerNear/PlayerNear_1.prefab
  artifactKey: Guid(8e29752f5f22e2043a4adacee76abaf6) Importer(815301076,1909f56bfc062723c751e8b465ee728b)
Start importing Assets/Prefabs/ListPlayerNear/PlayerNear_1.prefab using Guid(8e29752f5f22e2043a4adacee76abaf6) Importer(815301076,1909f56bfc062723c751e8b465ee728b)  -> (artifact id: 'fa5e57c1849faaf484ea1fdfc6739f0a') in 0.261047 seconds 
========================================================================
Received Import Request.
  Time since last request: 0.963297 seconds.
  path: Assets/Prefabs/ListPlayerNear/PlayerNear_0.prefab
  artifactKey: Guid(ba2d9cabce8d1e34f94227c9c5e406f1) Importer(815301076,1909f56bfc062723c751e8b465ee728b)
Start importing Assets/Prefabs/ListPlayerNear/PlayerNear_0.prefab using Guid(ba2d9cabce8d1e34f94227c9c5e406f1) Importer(815301076,1909f56bfc062723c751e8b465ee728b)  -> (artifact id: 'bb167eab5a78865985138c565967a271') in 0.131826 seconds 
========================================================================
Received Import Request.
  Time since last request: 3.007204 seconds.
  path: Assets/Prefabs/ListPlayerNear/PlayerNear_3.prefab
  artifactKey: Guid(97da5dd94cf6d6c4396c6cd8a2e749f5) Importer(815301076,1909f56bfc062723c751e8b465ee728b)
Start importing Assets/Prefabs/ListPlayerNear/PlayerNear_3.prefab using Guid(97da5dd94cf6d6c4396c6cd8a2e749f5) Importer(815301076,1909f56bfc062723c751e8b465ee728b)  -> (artifact id: '3330f01f313559df94c7e0b75c1f63d0') in 0.059449 seconds 
========================================================================
Received Import Request.
  Time since last request: 20.906508 seconds.
  path: Assets/Prefabs/ListPlayerNear/PlayerNear_1.prefab
  artifactKey: Guid(8e29752f5f22e2043a4adacee76abaf6) Importer(815301076,1909f56bfc062723c751e8b465ee728b)
Start importing Assets/Prefabs/ListPlayerNear/PlayerNear_1.prefab using Guid(8e29752f5f22e2043a4adacee76abaf6) Importer(815301076,1909f56bfc062723c751e8b465ee728b)  -> (artifact id: '319086330dad8af4ffe20a3ed1ced13f') in 0.017788 seconds 
========================================================================
Received Import Request.
  Time since last request: 38.885022 seconds.
  path: Assets/GabrielAguiarProductions/Unique_Projectiles_Volume_1/Prefabs/Muzzle
  artifactKey: Guid(7c4d36c9a1c24da4ebb45c342bf70a2c) Importer(815301076,1909f56bfc062723c751e8b465ee728b)
Start importing Assets/GabrielAguiarProductions/Unique_Projectiles_Volume_1/Prefabs/Muzzle using Guid(7c4d36c9a1c24da4ebb45c342bf70a2c) Importer(815301076,1909f56bfc062723c751e8b465ee728b)  -> (artifact id: '6b3dc33096bc7598fc9c6fd645bdfebd') in 0.005063 seconds 
========================================================================
Received Import Request.
  Time since last request: 1.740730 seconds.
  path: Assets/GabrielAguiarProductions/Unique_Projectiles_Volume_1/Prefabs/Muzzle/vfx_Muzzle_SpellViolet.prefab
  artifactKey: Guid(7d8816c2affc47a47b8122d23a9e8a09) Importer(815301076,1909f56bfc062723c751e8b465ee728b)
Start importing Assets/GabrielAguiarProductions/Unique_Projectiles_Volume_1/Prefabs/Muzzle/vfx_Muzzle_SpellViolet.prefab using Guid(7d8816c2affc47a47b8122d23a9e8a09) Importer(815301076,1909f56bfc062723c751e8b465ee728b)  -> (artifact id: '630286ff00a0642863ac9f7447b6469d') in 0.043860 seconds 
========================================================================
Received Import Request.
  Time since last request: 0.929615 seconds.
  path: Assets/GabrielAguiarProductions/Unique_Projectiles_Volume_1/Prefabs/Muzzle/vfx_Muzzle_Radiocative.prefab
  artifactKey: Guid(e0de14d95a9f81a4991fc94d9985dc88) Importer(815301076,1909f56bfc062723c751e8b465ee728b)
Start importing Assets/GabrielAguiarProductions/Unique_Projectiles_Volume_1/Prefabs/Muzzle/vfx_Muzzle_Radiocative.prefab using Guid(e0de14d95a9f81a4991fc94d9985dc88) Importer(815301076,1909f56bfc062723c751e8b465ee728b)  -> (artifact id: 'b955275b5ebac940aa5b3397dd239805') in 0.028444 seconds 
========================================================================
Received Prepare
Registering precompiled user dll's ...
Registered in 0.004849 seconds.
Begin MonoManager ReloadAssembly
Native extension for WindowsStandalone target not found
Refreshing native plugins compatible for Editor in 1.26 ms, found 2 plugins.
Preloading 0 native plugins for Editor in 0.00 ms.
Failed to sync packages list
UnityEngine.StackTraceUtility:ExtractStackTrace ()
UnityEngine.DebugLogHandler:LogFormat (UnityEngine.LogType,UnityEngine.Object,string,object[])
UnityEngine.Logger:Log (UnityEngine.LogType,object)
UnityEngine.Debug:LogWarning (object)
 . ⁇/ :MoveNext ()
System.Runtime.CompilerServices.AsyncTaskMethodBuilder:Start< . ⁇/ > ( . ⁇/ &)
 . ⁇:  ()
 . 　/ :MoveNext ()
System.Runtime.CompilerServices.AsyncTaskMethodBuilder:Start< . 　/ > ( . 　/ &)
 . 　:  ()
System.Reflection.MonoMethod:Invoke (object,System.Reflection.BindingFlags,System.Reflection.Binder,object[],System.Globalization.CultureInfo)
System.Reflection.MethodBase:Invoke (object,object[])
UnityEditor.EditorAssemblies:ProcessInitializeOnLoadMethodAttributes ()

Mono: successfully reloaded assembly
- Completed reload, in  1.200 seconds
Domain Reload Profiling:
	ReloadAssembly (1201ms)
		BeginReloadAssembly (204ms)
			ExecutionOrderSort (0ms)
			DisableScriptedObjects (11ms)
			BackupInstance (0ms)
			ReleaseScriptingObjects (0ms)
			CreateAndSetChildDomain (105ms)
		EndReloadAssembly (943ms)
			LoadAssemblies (101ms)
			RebuildTransferFunctionScriptingTraits (0ms)
			SetupTypeCache (281ms)
			ReleaseScriptCaches (1ms)
			RebuildScriptCaches (38ms)
			SetupLoadedEditorAssemblies (451ms)
				LogAssemblyErrors (0ms)
				InitializePlatformSupportModulesInManaged (5ms)
				SetLoadedEditorAssemblies (1ms)
				RefreshPlugins (1ms)
				BeforeProcessingInitializeOnLoad (70ms)
				ProcessInitializeOnLoadAttributes (290ms)
				ProcessInitializeOnLoadMethodAttributes (82ms)
				AfterProcessingInitializeOnLoad (1ms)
				EditorAssembliesLoaded (0ms)
			ExecutionOrderSort2 (0ms)
			AwakeInstancesAfterBackupRestoration (2ms)
Platform modules already initialized, skipping
Refreshing native plugins compatible for Editor in 1.47 ms, found 2 plugins.
Preloading 0 native plugins for Editor in 0.00 ms.
Unloading 2062 Unused Serialized files (Serialized files now loaded: 0)
System memory in use before: 113.4 MB.
System memory in use after: 113.4 MB.

Unloading 49 unused Assets to reduce memory usage. Loaded Objects now: 2655.
Total: 6.989600 ms (FindLiveObjects: 0.144500 ms CreateObjectMapping: 0.046500 ms MarkObjects: 6.645300 ms  DeleteObjects: 0.151900 ms)

AssetImportParameters requested are different than current active one (requested -> active):
  custom:framework-win-MediaFoundation: 216162199b28c13a410421893ffa2e32 -> 
  custom:video-decoder-ogg-theora: a1e56fd34408186e4bbccfd4996cb3dc -> 
  custom:container-muxer-webm: aa71ff27fc2769a1b78a27578f13a17b -> 
  custom:container-demuxer-webm: 4f35f7cbe854078d1ac9338744f61a02 -> 
  custom:container-demuxer-ogg: 62fdf1f143b41e24485cea50d1cbac27 -> 
  custom:video-encoder-webm-vp8: eb34c28f22e8b96e1ab97ce403110664 -> 
  custom:video-decoder-webm-vp8: 9c59270c3fd7afecdb556c50c9e8de78 -> 
  custom:audio-decoder-ogg-vorbis: bf7c407c2cedff20999df2af8eb42d56 -> 
  custom:audio-encoder-webm-vorbis: bf7c407c2cedff20999df2af8eb42d56 -> 
========================================================================
Received Prepare
Registering precompiled user dll's ...
Registered in 0.004159 seconds.
Begin MonoManager ReloadAssembly
Native extension for WindowsStandalone target not found
Refreshing native plugins compatible for Editor in 1.18 ms, found 2 plugins.
Preloading 0 native plugins for Editor in 0.00 ms.
Failed to sync packages list
UnityEngine.StackTraceUtility:ExtractStackTrace ()
UnityEngine.DebugLogHandler:LogFormat (UnityEngine.LogType,UnityEngine.Object,string,object[])
UnityEngine.Logger:Log (UnityEngine.LogType,object)
UnityEngine.Debug:LogWarning (object)
 . ⁇/ :MoveNext ()
System.Runtime.CompilerServices.AsyncTaskMethodBuilder:Start< . ⁇/ > ( . ⁇/ &)
 . ⁇:  ()
 . 　/ :MoveNext ()
System.Runtime.CompilerServices.AsyncTaskMethodBuilder:Start< . 　/ > ( . 　/ &)
 . 　:  ()
System.Reflection.MonoMethod:Invoke (object,System.Reflection.BindingFlags,System.Reflection.Binder,object[],System.Globalization.CultureInfo)
System.Reflection.MethodBase:Invoke (object,object[])
UnityEditor.EditorAssemblies:ProcessInitializeOnLoadMethodAttributes ()

Mono: successfully reloaded assembly
- Completed reload, in  1.078 seconds
Domain Reload Profiling:
	ReloadAssembly (1079ms)
		BeginReloadAssembly (137ms)
			ExecutionOrderSort (0ms)
			DisableScriptedObjects (5ms)
			BackupInstance (0ms)
			ReleaseScriptingObjects (0ms)
			CreateAndSetChildDomain (43ms)
		EndReloadAssembly (890ms)
			LoadAssemblies (88ms)
			RebuildTransferFunctionScriptingTraits (0ms)
			SetupTypeCache (254ms)
			ReleaseScriptCaches (1ms)
			RebuildScriptCaches (37ms)
			SetupLoadedEditorAssemblies (430ms)
				LogAssemblyErrors (0ms)
				InitializePlatformSupportModulesInManaged (5ms)
				SetLoadedEditorAssemblies (0ms)
				RefreshPlugins (1ms)
				BeforeProcessingInitializeOnLoad (69ms)
				ProcessInitializeOnLoadAttributes (272ms)
				ProcessInitializeOnLoadMethodAttributes (81ms)
				AfterProcessingInitializeOnLoad (1ms)
				EditorAssembliesLoaded (0ms)
			ExecutionOrderSort2 (0ms)
			AwakeInstancesAfterBackupRestoration (1ms)
Platform modules already initialized, skipping
Refreshing native plugins compatible for Editor in 1.32 ms, found 2 plugins.
Preloading 0 native plugins for Editor in 0.00 ms.
Unloading 2062 Unused Serialized files (Serialized files now loaded: 0)
System memory in use before: 113.6 MB.
System memory in use after: 113.5 MB.

Unloading 49 unused Assets to reduce memory usage. Loaded Objects now: 2660.
Total: 7.265700 ms (FindLiveObjects: 0.464400 ms CreateObjectMapping: 0.129300 ms MarkObjects: 6.346800 ms  DeleteObjects: 0.323700 ms)

AssetImportParameters requested are different than current active one (requested -> active):
  custom:framework-win-MediaFoundation: 216162199b28c13a410421893ffa2e32 -> 
  custom:video-decoder-ogg-theora: a1e56fd34408186e4bbccfd4996cb3dc -> 
  custom:container-muxer-webm: aa71ff27fc2769a1b78a27578f13a17b -> 
  custom:container-demuxer-webm: 4f35f7cbe854078d1ac9338744f61a02 -> 
  custom:container-demuxer-ogg: 62fdf1f143b41e24485cea50d1cbac27 -> 
  custom:video-encoder-webm-vp8: eb34c28f22e8b96e1ab97ce403110664 -> 
  custom:video-decoder-webm-vp8: 9c59270c3fd7afecdb556c50c9e8de78 -> 
  custom:audio-decoder-ogg-vorbis: bf7c407c2cedff20999df2af8eb42d56 -> 
  custom:audio-encoder-webm-vorbis: bf7c407c2cedff20999df2af8eb42d56 -> 
========================================================================
Received Import Request.
  Time since last request: 377.470072 seconds.
  path: Assets/CaptureIcon.unity
  artifactKey: Guid(78f971b38ffb99b409ee4e5deb77b8b0) Importer(815301076,1909f56bfc062723c751e8b465ee728b)
Start importing Assets/CaptureIcon.unity using Guid(78f971b38ffb99b409ee4e5deb77b8b0) Importer(815301076,1909f56bfc062723c751e8b465ee728b)  -> (artifact id: 'a16efcaec425d50268fd87e8819e0138') in 0.155482 seconds 
========================================================================
Received Import Request.
  Time since last request: 0.000374 seconds.
  path: Assets/ToonFX
  artifactKey: Guid(16d09dd0a81cf4e418063cf413a72885) Importer(815301076,1909f56bfc062723c751e8b465ee728b)
Start importing Assets/ToonFX using Guid(16d09dd0a81cf4e418063cf413a72885) Importer(815301076,1909f56bfc062723c751e8b465ee728b)  -> (artifact id: '5e85584206218f4a11560442edd57428') in 0.007240 seconds 
========================================================================
Received Import Request.
  Time since last request: 0.407827 seconds.
  path: Assets/TextMesh Pro
  artifactKey: Guid(f54d1bd14bd3ca042bd867b519fee8cc) Importer(815301076,1909f56bfc062723c751e8b465ee728b)
Start importing Assets/TextMesh Pro using Guid(f54d1bd14bd3ca042bd867b519fee8cc) Importer(815301076,1909f56bfc062723c751e8b465ee728b)  -> (artifact id: '16b4cbde9565bf190136f1148817e1ea') in 0.006307 seconds 
========================================================================
Received Import Request.
  Time since last request: 1.063711 seconds.
  path: Assets/ToonFX/Textures(Mobile)
  artifactKey: Guid(dbba7840051a3c54fb1ff8236aa6be17) Importer(815301076,1909f56bfc062723c751e8b465ee728b)
Start importing Assets/ToonFX/Textures(Mobile) using Guid(dbba7840051a3c54fb1ff8236aa6be17) Importer(815301076,1909f56bfc062723c751e8b465ee728b)  -> (artifact id: 'b60e8bf931a3afc42949fa68a5214b09') in 0.006536 seconds 
========================================================================
Received Import Request.
  Time since last request: 1.440681 seconds.
  path: Assets/ToonFX/Textures(Mobile)/star(Mobile).png
  artifactKey: Guid(a53b7156ee27a56488e5e7e54facd317) Importer(815301076,1909f56bfc062723c751e8b465ee728b)
Start importing Assets/ToonFX/Textures(Mobile)/star(Mobile).png using Guid(a53b7156ee27a56488e5e7e54facd317) Importer(815301076,1909f56bfc062723c751e8b465ee728b)  -> (artifact id: '9c78fc795cb70a13f639ec9c682854a0') in 0.242094 seconds 
========================================================================
Received Import Request.
  Time since last request: 0.313076 seconds.
  path: Assets/ToonFX/Textures(Mobile)/heart(Mobile).png
  artifactKey: Guid(babd85c525632a347a4514506096df2b) Importer(815301076,1909f56bfc062723c751e8b465ee728b)
Start importing Assets/ToonFX/Textures(Mobile)/heart(Mobile).png using Guid(babd85c525632a347a4514506096df2b) Importer(815301076,1909f56bfc062723c751e8b465ee728b)  -> (artifact id: '8c111392306954c8f4bfac88653c379e') in 0.015085 seconds 
========================================================================
Received Import Request.
  Time since last request: 0.413483 seconds.
  path: Assets/ToonFX/Textures(Mobile)/flowerpink2x2(Mobile).png
  artifactKey: Guid(874a84e403eb7684cb6b84af6c4c802b) Importer(815301076,1909f56bfc062723c751e8b465ee728b)
Start importing Assets/ToonFX/Textures(Mobile)/flowerpink2x2(Mobile).png using Guid(874a84e403eb7684cb6b84af6c4c802b) Importer(815301076,1909f56bfc062723c751e8b465ee728b)  -> (artifact id: '3dfb89593db8c23df75084708c7944a7') in 0.019892 seconds 
========================================================================
Received Import Request.
  Time since last request: 0.654579 seconds.
  path: Assets/ToonFX/Textures(Mobile)/fire2x2(Mobile).png
  artifactKey: Guid(12988a3f9bcc99a46a9ff9eef69497da) Importer(815301076,1909f56bfc062723c751e8b465ee728b)
Start importing Assets/ToonFX/Textures(Mobile)/fire2x2(Mobile).png using Guid(12988a3f9bcc99a46a9ff9eef69497da) Importer(815301076,1909f56bfc062723c751e8b465ee728b)  -> (artifact id: '1206ea2a16faae40b04ba7187b9528a9') in 0.013573 seconds 
========================================================================
Received Import Request.
  Time since last request: 1.251772 seconds.
  path: Assets/ToonFX/Textures(Mobile)/bubble_soap(Mobile).png
  artifactKey: Guid(a57caebe5b521b34eb9709abd141bc6d) Importer(815301076,1909f56bfc062723c751e8b465ee728b)
Start importing Assets/ToonFX/Textures(Mobile)/bubble_soap(Mobile).png using Guid(a57caebe5b521b34eb9709abd141bc6d) Importer(815301076,1909f56bfc062723c751e8b465ee728b)  -> (artifact id: '8ae3997663a8e80640c77dfcf6c788a9') in 0.011147 seconds 
========================================================================
Received Prepare
Registering precompiled user dll's ...
Registered in 0.004585 seconds.
Begin MonoManager ReloadAssembly
Native extension for WindowsStandalone target not found
Refreshing native plugins compatible for Editor in 1.19 ms, found 2 plugins.
Preloading 0 native plugins for Editor in 0.00 ms.
Failed to sync packages list
UnityEngine.StackTraceUtility:ExtractStackTrace ()
UnityEngine.DebugLogHandler:LogFormat (UnityEngine.LogType,UnityEngine.Object,string,object[])
UnityEngine.Logger:Log (UnityEngine.LogType,object)
UnityEngine.Debug:LogWarning (object)
 . ⁇/ :MoveNext ()
System.Runtime.CompilerServices.AsyncTaskMethodBuilder:Start< . ⁇/ > ( . ⁇/ &)
 . ⁇:  ()
 . 　/ :MoveNext ()
System.Runtime.CompilerServices.AsyncTaskMethodBuilder:Start< . 　/ > ( . 　/ &)
 . 　:  ()
System.Reflection.MonoMethod:Invoke (object,System.Reflection.BindingFlags,System.Reflection.Binder,object[],System.Globalization.CultureInfo)
System.Reflection.MethodBase:Invoke (object,object[])
UnityEditor.EditorAssemblies:ProcessInitializeOnLoadMethodAttributes ()

Mono: successfully reloaded assembly
- Completed reload, in  0.978 seconds
Domain Reload Profiling:
	ReloadAssembly (979ms)
		BeginReloadAssembly (182ms)
			ExecutionOrderSort (0ms)
			DisableScriptedObjects (10ms)
			BackupInstance (0ms)
			ReleaseScriptingObjects (0ms)
			CreateAndSetChildDomain (86ms)
		EndReloadAssembly (749ms)
			LoadAssemblies (95ms)
			RebuildTransferFunctionScriptingTraits (0ms)
			SetupTypeCache (220ms)
			ReleaseScriptCaches (1ms)
			RebuildScriptCaches (28ms)
			SetupLoadedEditorAssemblies (358ms)
				LogAssemblyErrors (0ms)
				InitializePlatformSupportModulesInManaged (4ms)
				SetLoadedEditorAssemblies (0ms)
				RefreshPlugins (1ms)
				BeforeProcessingInitializeOnLoad (59ms)
				ProcessInitializeOnLoadAttributes (224ms)
				ProcessInitializeOnLoadMethodAttributes (68ms)
				AfterProcessingInitializeOnLoad (1ms)
				EditorAssembliesLoaded (0ms)
			ExecutionOrderSort2 (0ms)
			AwakeInstancesAfterBackupRestoration (1ms)
Platform modules already initialized, skipping
Refreshing native plugins compatible for Editor in 0.99 ms, found 2 plugins.
Preloading 0 native plugins for Editor in 0.00 ms.
Unloading 2062 Unused Serialized files (Serialized files now loaded: 0)
System memory in use before: 113.7 MB.
System memory in use after: 113.7 MB.

Unloading 49 unused Assets to reduce memory usage. Loaded Objects now: 2665.
Total: 6.774200 ms (FindLiveObjects: 0.131700 ms CreateObjectMapping: 0.035200 ms MarkObjects: 6.450700 ms  DeleteObjects: 0.155000 ms)

AssetImportParameters requested are different than current active one (requested -> active):
  custom:framework-win-MediaFoundation: 216162199b28c13a410421893ffa2e32 -> 
  custom:video-decoder-ogg-theora: a1e56fd34408186e4bbccfd4996cb3dc -> 
  custom:container-muxer-webm: aa71ff27fc2769a1b78a27578f13a17b -> 
  custom:container-demuxer-webm: 4f35f7cbe854078d1ac9338744f61a02 -> 
  custom:container-demuxer-ogg: 62fdf1f143b41e24485cea50d1cbac27 -> 
  custom:video-encoder-webm-vp8: eb34c28f22e8b96e1ab97ce403110664 -> 
  custom:video-decoder-webm-vp8: 9c59270c3fd7afecdb556c50c9e8de78 -> 
  custom:audio-decoder-ogg-vorbis: bf7c407c2cedff20999df2af8eb42d56 -> 
  custom:audio-encoder-webm-vorbis: bf7c407c2cedff20999df2af8eb42d56 -> 
========================================================================
Received Prepare
Registering precompiled user dll's ...
Registered in 0.003615 seconds.
Begin MonoManager ReloadAssembly
Native extension for WindowsStandalone target not found
Refreshing native plugins compatible for Editor in 0.95 ms, found 2 plugins.
Preloading 0 native plugins for Editor in 0.00 ms.
Failed to sync packages list
UnityEngine.StackTraceUtility:ExtractStackTrace ()
UnityEngine.DebugLogHandler:LogFormat (UnityEngine.LogType,UnityEngine.Object,string,object[])
UnityEngine.Logger:Log (UnityEngine.LogType,object)
UnityEngine.Debug:LogWarning (object)
 . ⁇/ :MoveNext ()
System.Runtime.CompilerServices.AsyncTaskMethodBuilder:Start< . ⁇/ > ( . ⁇/ &)
 . ⁇:  ()
 . 　/ :MoveNext ()
System.Runtime.CompilerServices.AsyncTaskMethodBuilder:Start< . 　/ > ( . 　/ &)
 . 　:  ()
System.Reflection.MonoMethod:Invoke (object,System.Reflection.BindingFlags,System.Reflection.Binder,object[],System.Globalization.CultureInfo)
System.Reflection.MethodBase:Invoke (object,object[])
UnityEditor.EditorAssemblies:ProcessInitializeOnLoadMethodAttributes ()

Mono: successfully reloaded assembly
- Completed reload, in  0.814 seconds
Domain Reload Profiling:
	ReloadAssembly (815ms)
		BeginReloadAssembly (90ms)
			ExecutionOrderSort (0ms)
			DisableScriptedObjects (4ms)
			BackupInstance (0ms)
			ReleaseScriptingObjects (0ms)
			CreateAndSetChildDomain (35ms)
		EndReloadAssembly (685ms)
			LoadAssemblies (66ms)
			RebuildTransferFunctionScriptingTraits (0ms)
			SetupTypeCache (197ms)
			ReleaseScriptCaches (2ms)
			RebuildScriptCaches (27ms)
			SetupLoadedEditorAssemblies (330ms)
				LogAssemblyErrors (0ms)
				InitializePlatformSupportModulesInManaged (3ms)
				SetLoadedEditorAssemblies (0ms)
				RefreshPlugins (1ms)
				BeforeProcessingInitializeOnLoad (52ms)
				ProcessInitializeOnLoadAttributes (213ms)
				ProcessInitializeOnLoadMethodAttributes (60ms)
				AfterProcessingInitializeOnLoad (1ms)
				EditorAssembliesLoaded (0ms)
			ExecutionOrderSort2 (0ms)
			AwakeInstancesAfterBackupRestoration (1ms)
Platform modules already initialized, skipping
Refreshing native plugins compatible for Editor in 1.05 ms, found 2 plugins.
Preloading 0 native plugins for Editor in 0.00 ms.
Unloading 2062 Unused Serialized files (Serialized files now loaded: 0)
System memory in use before: 113.8 MB.
System memory in use after: 113.8 MB.

Unloading 49 unused Assets to reduce memory usage. Loaded Objects now: 2670.
Total: 5.620400 ms (FindLiveObjects: 0.127700 ms CreateObjectMapping: 0.034200 ms MarkObjects: 5.300200 ms  DeleteObjects: 0.156600 ms)

AssetImportParameters requested are different than current active one (requested -> active):
  custom:framework-win-MediaFoundation: 216162199b28c13a410421893ffa2e32 -> 
  custom:video-decoder-ogg-theora: a1e56fd34408186e4bbccfd4996cb3dc -> 
  custom:container-muxer-webm: aa71ff27fc2769a1b78a27578f13a17b -> 
  custom:container-demuxer-webm: 4f35f7cbe854078d1ac9338744f61a02 -> 
  custom:container-demuxer-ogg: 62fdf1f143b41e24485cea50d1cbac27 -> 
  custom:video-encoder-webm-vp8: eb34c28f22e8b96e1ab97ce403110664 -> 
  custom:video-decoder-webm-vp8: 9c59270c3fd7afecdb556c50c9e8de78 -> 
  custom:audio-decoder-ogg-vorbis: bf7c407c2cedff20999df2af8eb42d56 -> 
  custom:audio-encoder-webm-vorbis: bf7c407c2cedff20999df2af8eb42d56 -> 
========================================================================
Received Prepare
Registering precompiled user dll's ...
Registered in 0.003251 seconds.
Begin MonoManager ReloadAssembly
Native extension for WindowsStandalone target not found
Refreshing native plugins compatible for Editor in 1.04 ms, found 2 plugins.
Preloading 0 native plugins for Editor in 0.00 ms.
Failed to sync packages list
UnityEngine.StackTraceUtility:ExtractStackTrace ()
UnityEngine.DebugLogHandler:LogFormat (UnityEngine.LogType,UnityEngine.Object,string,object[])
UnityEngine.Logger:Log (UnityEngine.LogType,object)
UnityEngine.Debug:LogWarning (object)
 . ⁇/ :MoveNext ()
System.Runtime.CompilerServices.AsyncTaskMethodBuilder:Start< . ⁇/ > ( . ⁇/ &)
 . ⁇:  ()
 . 　/ :MoveNext ()
System.Runtime.CompilerServices.AsyncTaskMethodBuilder:Start< . 　/ > ( . 　/ &)
 . 　:  ()
System.Reflection.MonoMethod:Invoke (object,System.Reflection.BindingFlags,System.Reflection.Binder,object[],System.Globalization.CultureInfo)
System.Reflection.MethodBase:Invoke (object,object[])
UnityEditor.EditorAssemblies:ProcessInitializeOnLoadMethodAttributes ()

Mono: successfully reloaded assembly
- Completed reload, in  0.829 seconds
Domain Reload Profiling:
	ReloadAssembly (829ms)
		BeginReloadAssembly (89ms)
			ExecutionOrderSort (0ms)
			DisableScriptedObjects (5ms)
			BackupInstance (0ms)
			ReleaseScriptingObjects (0ms)
			CreateAndSetChildDomain (33ms)
		EndReloadAssembly (698ms)
			LoadAssemblies (67ms)
			RebuildTransferFunctionScriptingTraits (0ms)
			SetupTypeCache (207ms)
			ReleaseScriptCaches (1ms)
			RebuildScriptCaches (28ms)
			SetupLoadedEditorAssemblies (326ms)
				LogAssemblyErrors (0ms)
				InitializePlatformSupportModulesInManaged (3ms)
				SetLoadedEditorAssemblies (0ms)
				RefreshPlugins (1ms)
				BeforeProcessingInitializeOnLoad (53ms)
				ProcessInitializeOnLoadAttributes (209ms)
				ProcessInitializeOnLoadMethodAttributes (58ms)
				AfterProcessingInitializeOnLoad (1ms)
				EditorAssembliesLoaded (0ms)
			ExecutionOrderSort2 (0ms)
			AwakeInstancesAfterBackupRestoration (1ms)
Platform modules already initialized, skipping
Refreshing native plugins compatible for Editor in 1.03 ms, found 2 plugins.
Preloading 0 native plugins for Editor in 0.00 ms.
Unloading 2062 Unused Serialized files (Serialized files now loaded: 0)
System memory in use before: 114.0 MB.
System memory in use after: 114.0 MB.

Unloading 49 unused Assets to reduce memory usage. Loaded Objects now: 2675.
Total: 5.512300 ms (FindLiveObjects: 0.128200 ms CreateObjectMapping: 0.035400 ms MarkObjects: 5.232900 ms  DeleteObjects: 0.114700 ms)

AssetImportParameters requested are different than current active one (requested -> active):
  custom:framework-win-MediaFoundation: 216162199b28c13a410421893ffa2e32 -> 
  custom:video-decoder-ogg-theora: a1e56fd34408186e4bbccfd4996cb3dc -> 
  custom:container-muxer-webm: aa71ff27fc2769a1b78a27578f13a17b -> 
  custom:container-demuxer-webm: 4f35f7cbe854078d1ac9338744f61a02 -> 
  custom:container-demuxer-ogg: 62fdf1f143b41e24485cea50d1cbac27 -> 
  custom:video-encoder-webm-vp8: eb34c28f22e8b96e1ab97ce403110664 -> 
  custom:video-decoder-webm-vp8: 9c59270c3fd7afecdb556c50c9e8de78 -> 
  custom:audio-decoder-ogg-vorbis: bf7c407c2cedff20999df2af8eb42d56 -> 
  custom:audio-encoder-webm-vorbis: bf7c407c2cedff20999df2af8eb42d56 -> 
AssetImportWorkerClient::OnTransportError - code=2 error=End of file
